{"P:\\Perso\\Etudes\\Mastère Expert IT\\Mastère II\\Projets\\CC-AIBD-07-NodeJS-Mongoose-Individuel\\code\\src\\controllers\\artiste.controller.js": {"path":"P:\\Perso\\Etudes\\Mastère Expert IT\\Mastère II\\Projets\\CC-AIBD-07-NodeJS-Mongoose-Individuel\\code\\src\\controllers\\artiste.controller.js","statementMap":{"0":{"start":{"line":1,"column":23},"end":{"line":1,"column":61}},"1":{"start":{"line":14,"column":4},"end":{"line":26,"column":5}},"2":{"start":{"line":15,"column":19},"end":{"line":15,"column":48}},"3":{"start":{"line":16,"column":20},"end":{"line":16,"column":51}},"4":{"start":{"line":18,"column":21},"end":{"line":18,"column":23}},"5":{"start":{"line":19,"column":6},"end":{"line":19,"column":69}},"6":{"start":{"line":19,"column":25},"end":{"line":19,"column":69}},"7":{"start":{"line":20,"column":6},"end":{"line":20,"column":78}},"8":{"start":{"line":20,"column":28},"end":{"line":20,"column":78}},"9":{"start":{"line":22,"column":21},"end":{"line":22,"column":77}},"10":{"start":{"line":23,"column":6},"end":{"line":23,"column":23}},"11":{"start":{"line":25,"column":6},"end":{"line":25,"column":18}},"12":{"start":{"line":36,"column":4},"end":{"line":44,"column":5}},"13":{"start":{"line":37,"column":21},"end":{"line":37,"column":71}},"14":{"start":{"line":38,"column":6},"end":{"line":40,"column":7}},"15":{"start":{"line":39,"column":8},"end":{"line":39,"column":69}},"16":{"start":{"line":41,"column":6},"end":{"line":41,"column":23}},"17":{"start":{"line":43,"column":6},"end":{"line":43,"column":18}},"18":{"start":{"line":54,"column":4},"end":{"line":62,"column":5}},"19":{"start":{"line":55,"column":22},"end":{"line":55,"column":66}},"20":{"start":{"line":56,"column":6},"end":{"line":59,"column":9}},"21":{"start":{"line":61,"column":6},"end":{"line":61,"column":18}},"22":{"start":{"line":72,"column":4},"end":{"line":83,"column":5}},"23":{"start":{"line":73,"column":22},"end":{"line":73,"column":81}},"24":{"start":{"line":74,"column":6},"end":{"line":76,"column":7}},"25":{"start":{"line":75,"column":8},"end":{"line":75,"column":69}},"26":{"start":{"line":77,"column":6},"end":{"line":80,"column":9}},"27":{"start":{"line":82,"column":6},"end":{"line":82,"column":18}},"28":{"start":{"line":93,"column":4},"end":{"line":101,"column":5}},"29":{"start":{"line":94,"column":22},"end":{"line":94,"column":71}},"30":{"start":{"line":95,"column":6},"end":{"line":97,"column":7}},"31":{"start":{"line":96,"column":8},"end":{"line":96,"column":69}},"32":{"start":{"line":98,"column":6},"end":{"line":98,"column":48}},"33":{"start":{"line":100,"column":6},"end":{"line":100,"column":18}},"34":{"start":{"line":105,"column":0},"end":{"line":105,"column":41}}},"fnMap":{"0":{"name":"(anonymous_0)","decl":{"start":{"line":13,"column":2},"end":{"line":13,"column":3}},"loc":{"start":{"line":13,"column":39},"end":{"line":27,"column":3}},"line":13},"1":{"name":"(anonymous_1)","decl":{"start":{"line":35,"column":2},"end":{"line":35,"column":3}},"loc":{"start":{"line":35,"column":39},"end":{"line":45,"column":3}},"line":35},"2":{"name":"(anonymous_2)","decl":{"start":{"line":53,"column":2},"end":{"line":53,"column":3}},"loc":{"start":{"line":53,"column":38},"end":{"line":63,"column":3}},"line":53},"3":{"name":"(anonymous_3)","decl":{"start":{"line":71,"column":2},"end":{"line":71,"column":3}},"loc":{"start":{"line":71,"column":38},"end":{"line":84,"column":3}},"line":71},"4":{"name":"(anonymous_4)","decl":{"start":{"line":92,"column":2},"end":{"line":92,"column":3}},"loc":{"start":{"line":92,"column":38},"end":{"line":102,"column":3}},"line":92}},"branchMap":{"0":{"loc":{"start":{"line":15,"column":19},"end":{"line":15,"column":48}},"type":"binary-expr","locations":[{"start":{"line":15,"column":19},"end":{"line":15,"column":43}},{"start":{"line":15,"column":47},"end":{"line":15,"column":48}}],"line":15},"1":{"loc":{"start":{"line":16,"column":20},"end":{"line":16,"column":51}},"type":"binary-expr","locations":[{"start":{"line":16,"column":20},"end":{"line":16,"column":45}},{"start":{"line":16,"column":49},"end":{"line":16,"column":51}}],"line":16},"2":{"loc":{"start":{"line":19,"column":6},"end":{"line":19,"column":69}},"type":"if","locations":[{"start":{"line":19,"column":6},"end":{"line":19,"column":69}},{"start":{},"end":{}}],"line":19},"3":{"loc":{"start":{"line":20,"column":6},"end":{"line":20,"column":78}},"type":"if","locations":[{"start":{"line":20,"column":6},"end":{"line":20,"column":78}},{"start":{},"end":{}}],"line":20},"4":{"loc":{"start":{"line":38,"column":6},"end":{"line":40,"column":7}},"type":"if","locations":[{"start":{"line":38,"column":6},"end":{"line":40,"column":7}},{"start":{},"end":{}}],"line":38},"5":{"loc":{"start":{"line":74,"column":6},"end":{"line":76,"column":7}},"type":"if","locations":[{"start":{"line":74,"column":6},"end":{"line":76,"column":7}},{"start":{},"end":{}}],"line":74},"6":{"loc":{"start":{"line":95,"column":6},"end":{"line":97,"column":7}},"type":"if","locations":[{"start":{"line":95,"column":6},"end":{"line":97,"column":7}},{"start":{},"end":{}}],"line":95}},"s":{"0":0,"1":0,"2":0,"3":0,"4":0,"5":0,"6":0,"7":0,"8":0,"9":0,"10":0,"11":0,"12":0,"13":0,"14":0,"15":0,"16":0,"17":0,"18":0,"19":0,"20":0,"21":0,"22":0,"23":0,"24":0,"25":0,"26":0,"27":0,"28":0,"29":0,"30":0,"31":0,"32":0,"33":0,"34":0},"f":{"0":0,"1":0,"2":0,"3":0,"4":0},"b":{"0":[0,0],"1":[0,0],"2":[0,0],"3":[0,0],"4":[0,0],"5":[0,0],"6":[0,0]}}
,"P:\\Perso\\Etudes\\Mastère Expert IT\\Mastère II\\Projets\\CC-AIBD-07-NodeJS-Mongoose-Individuel\\code\\src\\controllers\\auth.controller.js": {"path":"P:\\Perso\\Etudes\\Mastère Expert IT\\Mastère II\\Projets\\CC-AIBD-07-NodeJS-Mongoose-Individuel\\code\\src\\controllers\\auth.controller.js","statementMap":{"0":{"start":{"line":1,"column":29},"end":{"line":1,"column":57}},"1":{"start":{"line":2,"column":20},"end":{"line":2,"column":55}},"2":{"start":{"line":15,"column":4},"end":{"line":33,"column":5}},"3":{"start":{"line":16,"column":21},"end":{"line":16,"column":42}},"4":{"start":{"line":17,"column":6},"end":{"line":19,"column":7}},"5":{"start":{"line":18,"column":8},"end":{"line":18,"column":64}},"6":{"start":{"line":21,"column":36},"end":{"line":21,"column":72}},"7":{"start":{"line":23,"column":6},"end":{"line":27,"column":9}},"8":{"start":{"line":29,"column":6},"end":{"line":31,"column":7}},"9":{"start":{"line":30,"column":8},"end":{"line":30,"column":62}},"10":{"start":{"line":32,"column":6},"end":{"line":32,"column":18}},"11":{"start":{"line":43,"column":4},"end":{"line":62,"column":5}},"12":{"start":{"line":44,"column":21},"end":{"line":44,"column":42}},"13":{"start":{"line":45,"column":6},"end":{"line":47,"column":7}},"14":{"start":{"line":46,"column":8},"end":{"line":46,"column":64}},"15":{"start":{"line":49,"column":36},"end":{"line":49,"column":44}},"16":{"start":{"line":50,"column":36},"end":{"line":50,"column":78}},"17":{"start":{"line":52,"column":6},"end":{"line":56,"column":9}},"18":{"start":{"line":58,"column":6},"end":{"line":60,"column":7}},"19":{"start":{"line":59,"column":8},"end":{"line":59,"column":62}},"20":{"start":{"line":61,"column":6},"end":{"line":61,"column":18}},"21":{"start":{"line":71,"column":4},"end":{"line":71,"column":45}},"22":{"start":{"line":75,"column":0},"end":{"line":75,"column":38}}},"fnMap":{"0":{"name":"(anonymous_0)","decl":{"start":{"line":14,"column":2},"end":{"line":14,"column":3}},"loc":{"start":{"line":14,"column":33},"end":{"line":34,"column":3}},"line":14},"1":{"name":"(anonymous_1)","decl":{"start":{"line":42,"column":2},"end":{"line":42,"column":3}},"loc":{"start":{"line":42,"column":30},"end":{"line":63,"column":3}},"line":42},"2":{"name":"(anonymous_2)","decl":{"start":{"line":70,"column":2},"end":{"line":70,"column":3}},"loc":{"start":{"line":70,"column":29},"end":{"line":72,"column":3}},"line":70}},"branchMap":{"0":{"loc":{"start":{"line":17,"column":6},"end":{"line":19,"column":7}},"type":"if","locations":[{"start":{"line":17,"column":6},"end":{"line":19,"column":7}},{"start":{},"end":{}}],"line":17},"1":{"loc":{"start":{"line":29,"column":6},"end":{"line":31,"column":7}},"type":"if","locations":[{"start":{"line":29,"column":6},"end":{"line":31,"column":7}},{"start":{},"end":{}}],"line":29},"2":{"loc":{"start":{"line":45,"column":6},"end":{"line":47,"column":7}},"type":"if","locations":[{"start":{"line":45,"column":6},"end":{"line":47,"column":7}},{"start":{},"end":{}}],"line":45},"3":{"loc":{"start":{"line":58,"column":6},"end":{"line":60,"column":7}},"type":"if","locations":[{"start":{"line":58,"column":6},"end":{"line":60,"column":7}},{"start":{},"end":{}}],"line":58}},"s":{"0":1,"1":1,"2":3,"3":3,"4":3,"5":1,"6":2,"7":1,"8":1,"9":1,"10":0,"11":4,"12":4,"13":4,"14":1,"15":3,"16":3,"17":1,"18":2,"19":2,"20":0,"21":0,"22":1},"f":{"0":3,"1":4,"2":0},"b":{"0":[1,2],"1":[1,0],"2":[1,3],"3":[2,0]},"_coverageSchema":"1a1c01bbd47fc00a2c39e90264f33305004495a9","hash":"2e40ddb7adfba270151a7f4c607ece39fbf05dec"}
,"P:\\Perso\\Etudes\\Mastère Expert IT\\Mastère II\\Projets\\CC-AIBD-07-NodeJS-Mongoose-Individuel\\code\\src\\controllers\\film.controller.js": {"path":"P:\\Perso\\Etudes\\Mastère Expert IT\\Mastère II\\Projets\\CC-AIBD-07-NodeJS-Mongoose-Individuel\\code\\src\\controllers\\film.controller.js","statementMap":{"0":{"start":{"line":1,"column":20},"end":{"line":1,"column":55}},"1":{"start":{"line":14,"column":4},"end":{"line":28,"column":5}},"2":{"start":{"line":15,"column":19},"end":{"line":15,"column":48}},"3":{"start":{"line":16,"column":20},"end":{"line":16,"column":51}},"4":{"start":{"line":18,"column":21},"end":{"line":18,"column":23}},"5":{"start":{"line":19,"column":6},"end":{"line":19,"column":58}},"6":{"start":{"line":19,"column":27},"end":{"line":19,"column":58}},"7":{"start":{"line":20,"column":6},"end":{"line":20,"column":68}},"8":{"start":{"line":20,"column":27},"end":{"line":20,"column":68}},"9":{"start":{"line":21,"column":6},"end":{"line":21,"column":75}},"10":{"start":{"line":21,"column":27},"end":{"line":21,"column":75}},"11":{"start":{"line":22,"column":6},"end":{"line":22,"column":76}},"12":{"start":{"line":22,"column":33},"end":{"line":22,"column":76}},"13":{"start":{"line":24,"column":21},"end":{"line":24,"column":71}},"14":{"start":{"line":25,"column":6},"end":{"line":25,"column":23}},"15":{"start":{"line":27,"column":6},"end":{"line":27,"column":18}},"16":{"start":{"line":38,"column":4},"end":{"line":46,"column":5}},"17":{"start":{"line":39,"column":21},"end":{"line":39,"column":65}},"18":{"start":{"line":40,"column":6},"end":{"line":42,"column":7}},"19":{"start":{"line":41,"column":8},"end":{"line":41,"column":66}},"20":{"start":{"line":43,"column":6},"end":{"line":43,"column":23}},"21":{"start":{"line":45,"column":6},"end":{"line":45,"column":18}},"22":{"start":{"line":56,"column":4},"end":{"line":64,"column":5}},"23":{"start":{"line":57,"column":19},"end":{"line":57,"column":57}},"24":{"start":{"line":58,"column":6},"end":{"line":61,"column":9}},"25":{"start":{"line":63,"column":6},"end":{"line":63,"column":18}},"26":{"start":{"line":75,"column":2},"end":{"line":95,"column":3}},"27":{"start":{"line":76,"column":4},"end":{"line":78,"column":5}},"28":{"start":{"line":77,"column":6},"end":{"line":77,"column":78}},"29":{"start":{"line":80,"column":19},"end":{"line":80,"column":32}},"30":{"start":{"line":81,"column":25},"end":{"line":81,"column":38}},"31":{"start":{"line":83,"column":17},"end":{"line":83,"column":73}},"32":{"start":{"line":85,"column":4},"end":{"line":87,"column":5}},"33":{"start":{"line":86,"column":6},"end":{"line":86,"column":64}},"34":{"start":{"line":89,"column":4},"end":{"line":92,"column":7}},"35":{"start":{"line":94,"column":4},"end":{"line":94,"column":16}},"36":{"start":{"line":105,"column":4},"end":{"line":116,"column":5}},"37":{"start":{"line":106,"column":19},"end":{"line":106,"column":72}},"38":{"start":{"line":107,"column":6},"end":{"line":109,"column":7}},"39":{"start":{"line":108,"column":8},"end":{"line":108,"column":66}},"40":{"start":{"line":110,"column":6},"end":{"line":113,"column":9}},"41":{"start":{"line":115,"column":6},"end":{"line":115,"column":18}},"42":{"start":{"line":126,"column":4},"end":{"line":134,"column":5}},"43":{"start":{"line":127,"column":19},"end":{"line":127,"column":62}},"44":{"start":{"line":128,"column":6},"end":{"line":130,"column":7}},"45":{"start":{"line":129,"column":8},"end":{"line":129,"column":66}},"46":{"start":{"line":131,"column":6},"end":{"line":131,"column":45}},"47":{"start":{"line":133,"column":6},"end":{"line":133,"column":18}},"48":{"start":{"line":138,"column":0},"end":{"line":138,"column":38}}},"fnMap":{"0":{"name":"(anonymous_0)","decl":{"start":{"line":13,"column":2},"end":{"line":13,"column":3}},"loc":{"start":{"line":13,"column":36},"end":{"line":29,"column":3}},"line":13},"1":{"name":"(anonymous_1)","decl":{"start":{"line":37,"column":2},"end":{"line":37,"column":3}},"loc":{"start":{"line":37,"column":36},"end":{"line":47,"column":3}},"line":37},"2":{"name":"(anonymous_2)","decl":{"start":{"line":55,"column":2},"end":{"line":55,"column":3}},"loc":{"start":{"line":55,"column":35},"end":{"line":65,"column":3}},"line":55},"3":{"name":"(anonymous_3)","decl":{"start":{"line":74,"column":2},"end":{"line":74,"column":3}},"loc":{"start":{"line":74,"column":41},"end":{"line":96,"column":1}},"line":74},"4":{"name":"(anonymous_4)","decl":{"start":{"line":104,"column":2},"end":{"line":104,"column":3}},"loc":{"start":{"line":104,"column":35},"end":{"line":117,"column":3}},"line":104},"5":{"name":"(anonymous_5)","decl":{"start":{"line":125,"column":2},"end":{"line":125,"column":3}},"loc":{"start":{"line":125,"column":35},"end":{"line":135,"column":3}},"line":125}},"branchMap":{"0":{"loc":{"start":{"line":15,"column":19},"end":{"line":15,"column":48}},"type":"binary-expr","locations":[{"start":{"line":15,"column":19},"end":{"line":15,"column":43}},{"start":{"line":15,"column":47},"end":{"line":15,"column":48}}],"line":15},"1":{"loc":{"start":{"line":16,"column":20},"end":{"line":16,"column":51}},"type":"binary-expr","locations":[{"start":{"line":16,"column":20},"end":{"line":16,"column":45}},{"start":{"line":16,"column":49},"end":{"line":16,"column":51}}],"line":16},"2":{"loc":{"start":{"line":19,"column":6},"end":{"line":19,"column":58}},"type":"if","locations":[{"start":{"line":19,"column":6},"end":{"line":19,"column":58}},{"start":{},"end":{}}],"line":19},"3":{"loc":{"start":{"line":20,"column":6},"end":{"line":20,"column":68}},"type":"if","locations":[{"start":{"line":20,"column":6},"end":{"line":20,"column":68}},{"start":{},"end":{}}],"line":20},"4":{"loc":{"start":{"line":21,"column":6},"end":{"line":21,"column":75}},"type":"if","locations":[{"start":{"line":21,"column":6},"end":{"line":21,"column":75}},{"start":{},"end":{}}],"line":21},"5":{"loc":{"start":{"line":22,"column":6},"end":{"line":22,"column":76}},"type":"if","locations":[{"start":{"line":22,"column":6},"end":{"line":22,"column":76}},{"start":{},"end":{}}],"line":22},"6":{"loc":{"start":{"line":40,"column":6},"end":{"line":42,"column":7}},"type":"if","locations":[{"start":{"line":40,"column":6},"end":{"line":42,"column":7}},{"start":{},"end":{}}],"line":40},"7":{"loc":{"start":{"line":76,"column":4},"end":{"line":78,"column":5}},"type":"if","locations":[{"start":{"line":76,"column":4},"end":{"line":78,"column":5}},{"start":{},"end":{}}],"line":76},"8":{"loc":{"start":{"line":85,"column":4},"end":{"line":87,"column":5}},"type":"if","locations":[{"start":{"line":85,"column":4},"end":{"line":87,"column":5}},{"start":{},"end":{}}],"line":85},"9":{"loc":{"start":{"line":107,"column":6},"end":{"line":109,"column":7}},"type":"if","locations":[{"start":{"line":107,"column":6},"end":{"line":109,"column":7}},{"start":{},"end":{}}],"line":107},"10":{"loc":{"start":{"line":128,"column":6},"end":{"line":130,"column":7}},"type":"if","locations":[{"start":{"line":128,"column":6},"end":{"line":130,"column":7}},{"start":{},"end":{}}],"line":128}},"s":{"0":0,"1":0,"2":0,"3":0,"4":0,"5":0,"6":0,"7":0,"8":0,"9":0,"10":0,"11":0,"12":0,"13":0,"14":0,"15":0,"16":0,"17":0,"18":0,"19":0,"20":0,"21":0,"22":0,"23":0,"24":0,"25":0,"26":0,"27":0,"28":0,"29":0,"30":0,"31":0,"32":0,"33":0,"34":0,"35":0,"36":0,"37":0,"38":0,"39":0,"40":0,"41":0,"42":0,"43":0,"44":0,"45":0,"46":0,"47":0,"48":0},"f":{"0":0,"1":0,"2":0,"3":0,"4":0,"5":0},"b":{"0":[0,0],"1":[0,0],"2":[0,0],"3":[0,0],"4":[0,0],"5":[0,0],"6":[0,0],"7":[0,0],"8":[0,0],"9":[0,0],"10":[0,0]}}
,"P:\\Perso\\Etudes\\Mastère Expert IT\\Mastère II\\Projets\\CC-AIBD-07-NodeJS-Mongoose-Individuel\\code\\src\\controllers\\internaute.controller.js": {"path":"P:\\Perso\\Etudes\\Mastère Expert IT\\Mastère II\\Projets\\CC-AIBD-07-NodeJS-Mongoose-Individuel\\code\\src\\controllers\\internaute.controller.js","statementMap":{"0":{"start":{"line":1,"column":26},"end":{"line":1,"column":67}},"1":{"start":{"line":14,"column":4},"end":{"line":22,"column":5}},"2":{"start":{"line":15,"column":19},"end":{"line":15,"column":48}},"3":{"start":{"line":16,"column":20},"end":{"line":16,"column":51}},"4":{"start":{"line":18,"column":21},"end":{"line":18,"column":75}},"5":{"start":{"line":19,"column":6},"end":{"line":19,"column":23}},"6":{"start":{"line":21,"column":6},"end":{"line":21,"column":18}},"7":{"start":{"line":32,"column":4},"end":{"line":40,"column":5}},"8":{"start":{"line":33,"column":25},"end":{"line":33,"column":81}},"9":{"start":{"line":34,"column":6},"end":{"line":36,"column":7}},"10":{"start":{"line":35,"column":8},"end":{"line":35,"column":72}},"11":{"start":{"line":37,"column":6},"end":{"line":37,"column":31}},"12":{"start":{"line":39,"column":6},"end":{"line":39,"column":18}},"13":{"start":{"line":50,"column":4},"end":{"line":70,"column":5}},"14":{"start":{"line":51,"column":53},"end":{"line":51,"column":61}},"15":{"start":{"line":52,"column":27},"end":{"line":52,"column":40}},"16":{"start":{"line":54,"column":6},"end":{"line":56,"column":7}},"17":{"start":{"line":55,"column":8},"end":{"line":55,"column":63}},"18":{"start":{"line":58,"column":25},"end":{"line":61,"column":7}},"19":{"start":{"line":63,"column":6},"end":{"line":65,"column":7}},"20":{"start":{"line":64,"column":8},"end":{"line":64,"column":72}},"21":{"start":{"line":67,"column":6},"end":{"line":67,"column":65}},"22":{"start":{"line":69,"column":6},"end":{"line":69,"column":18}},"23":{"start":{"line":80,"column":4},"end":{"line":94,"column":5}},"24":{"start":{"line":81,"column":27},"end":{"line":81,"column":40}},"25":{"start":{"line":83,"column":6},"end":{"line":85,"column":7}},"26":{"start":{"line":84,"column":8},"end":{"line":84,"column":63}},"27":{"start":{"line":87,"column":25},"end":{"line":87,"column":79}},"28":{"start":{"line":88,"column":6},"end":{"line":90,"column":7}},"29":{"start":{"line":89,"column":8},"end":{"line":89,"column":72}},"30":{"start":{"line":91,"column":6},"end":{"line":91,"column":51}},"31":{"start":{"line":93,"column":6},"end":{"line":93,"column":18}},"32":{"start":{"line":98,"column":0},"end":{"line":98,"column":44}}},"fnMap":{"0":{"name":"(anonymous_0)","decl":{"start":{"line":13,"column":2},"end":{"line":13,"column":3}},"loc":{"start":{"line":13,"column":42},"end":{"line":23,"column":3}},"line":13},"1":{"name":"(anonymous_1)","decl":{"start":{"line":31,"column":2},"end":{"line":31,"column":3}},"loc":{"start":{"line":31,"column":42},"end":{"line":41,"column":3}},"line":31},"2":{"name":"(anonymous_2)","decl":{"start":{"line":49,"column":2},"end":{"line":49,"column":3}},"loc":{"start":{"line":49,"column":41},"end":{"line":71,"column":3}},"line":49},"3":{"name":"(anonymous_3)","decl":{"start":{"line":79,"column":2},"end":{"line":79,"column":3}},"loc":{"start":{"line":79,"column":41},"end":{"line":95,"column":3}},"line":79}},"branchMap":{"0":{"loc":{"start":{"line":15,"column":19},"end":{"line":15,"column":48}},"type":"binary-expr","locations":[{"start":{"line":15,"column":19},"end":{"line":15,"column":43}},{"start":{"line":15,"column":47},"end":{"line":15,"column":48}}],"line":15},"1":{"loc":{"start":{"line":16,"column":20},"end":{"line":16,"column":51}},"type":"binary-expr","locations":[{"start":{"line":16,"column":20},"end":{"line":16,"column":45}},{"start":{"line":16,"column":49},"end":{"line":16,"column":51}}],"line":16},"2":{"loc":{"start":{"line":34,"column":6},"end":{"line":36,"column":7}},"type":"if","locations":[{"start":{"line":34,"column":6},"end":{"line":36,"column":7}},{"start":{},"end":{}}],"line":34},"3":{"loc":{"start":{"line":54,"column":6},"end":{"line":56,"column":7}},"type":"if","locations":[{"start":{"line":54,"column":6},"end":{"line":56,"column":7}},{"start":{},"end":{}}],"line":54},"4":{"loc":{"start":{"line":63,"column":6},"end":{"line":65,"column":7}},"type":"if","locations":[{"start":{"line":63,"column":6},"end":{"line":65,"column":7}},{"start":{},"end":{}}],"line":63},"5":{"loc":{"start":{"line":83,"column":6},"end":{"line":85,"column":7}},"type":"if","locations":[{"start":{"line":83,"column":6},"end":{"line":85,"column":7}},{"start":{},"end":{}}],"line":83},"6":{"loc":{"start":{"line":88,"column":6},"end":{"line":90,"column":7}},"type":"if","locations":[{"start":{"line":88,"column":6},"end":{"line":90,"column":7}},{"start":{},"end":{}}],"line":88}},"s":{"0":0,"1":0,"2":0,"3":0,"4":0,"5":0,"6":0,"7":0,"8":0,"9":0,"10":0,"11":0,"12":0,"13":0,"14":0,"15":0,"16":0,"17":0,"18":0,"19":0,"20":0,"21":0,"22":0,"23":0,"24":0,"25":0,"26":0,"27":0,"28":0,"29":0,"30":0,"31":0,"32":0},"f":{"0":0,"1":0,"2":0,"3":0},"b":{"0":[0,0],"1":[0,0],"2":[0,0],"3":[0,0],"4":[0,0],"5":[0,0],"6":[0,0]}}
,"P:\\Perso\\Etudes\\Mastère Expert IT\\Mastère II\\Projets\\CC-AIBD-07-NodeJS-Mongoose-Individuel\\code\\src\\controllers\\note.controller.js": {"path":"P:\\Perso\\Etudes\\Mastère Expert IT\\Mastère II\\Projets\\CC-AIBD-07-NodeJS-Mongoose-Individuel\\code\\src\\controllers\\note.controller.js","statementMap":{"0":{"start":{"line":1,"column":20},"end":{"line":1,"column":55}},"1":{"start":{"line":14,"column":4},"end":{"line":26,"column":5}},"2":{"start":{"line":15,"column":19},"end":{"line":15,"column":48}},"3":{"start":{"line":16,"column":20},"end":{"line":16,"column":51}},"4":{"start":{"line":18,"column":21},"end":{"line":18,"column":23}},"5":{"start":{"line":19,"column":6},"end":{"line":19,"column":55}},"6":{"start":{"line":19,"column":26},"end":{"line":19,"column":55}},"7":{"start":{"line":20,"column":6},"end":{"line":20,"column":73}},"8":{"start":{"line":20,"column":32},"end":{"line":20,"column":73}},"9":{"start":{"line":22,"column":21},"end":{"line":22,"column":71}},"10":{"start":{"line":23,"column":6},"end":{"line":23,"column":23}},"11":{"start":{"line":25,"column":6},"end":{"line":25,"column":18}},"12":{"start":{"line":36,"column":4},"end":{"line":41,"column":5}},"13":{"start":{"line":37,"column":20},"end":{"line":37,"column":71}},"14":{"start":{"line":38,"column":6},"end":{"line":38,"column":26}},"15":{"start":{"line":40,"column":6},"end":{"line":40,"column":18}},"16":{"start":{"line":51,"column":4},"end":{"line":56,"column":5}},"17":{"start":{"line":52,"column":21},"end":{"line":52,"column":66}},"18":{"start":{"line":53,"column":6},"end":{"line":53,"column":23}},"19":{"start":{"line":55,"column":6},"end":{"line":55,"column":18}},"20":{"start":{"line":66,"column":4},"end":{"line":79,"column":5}},"21":{"start":{"line":67,"column":42},"end":{"line":67,"column":50}},"22":{"start":{"line":68,"column":27},"end":{"line":68,"column":98}},"23":{"start":{"line":70,"column":6},"end":{"line":73,"column":9}},"24":{"start":{"line":75,"column":6},"end":{"line":77,"column":7}},"25":{"start":{"line":76,"column":8},"end":{"line":76,"column":62}},"26":{"start":{"line":78,"column":6},"end":{"line":78,"column":18}},"27":{"start":{"line":89,"column":4},"end":{"line":108,"column":5}},"28":{"start":{"line":90,"column":27},"end":{"line":94,"column":7}},"29":{"start":{"line":96,"column":6},"end":{"line":99,"column":9}},"30":{"start":{"line":101,"column":6},"end":{"line":103,"column":7}},"31":{"start":{"line":102,"column":8},"end":{"line":102,"column":62}},"32":{"start":{"line":104,"column":6},"end":{"line":106,"column":7}},"33":{"start":{"line":105,"column":8},"end":{"line":105,"column":62}},"34":{"start":{"line":107,"column":6},"end":{"line":107,"column":18}},"35":{"start":{"line":118,"column":4},"end":{"line":129,"column":5}},"36":{"start":{"line":119,"column":6},"end":{"line":119,"column":64}},"37":{"start":{"line":120,"column":6},"end":{"line":120,"column":46}},"38":{"start":{"line":122,"column":6},"end":{"line":124,"column":7}},"39":{"start":{"line":123,"column":8},"end":{"line":123,"column":62}},"40":{"start":{"line":125,"column":6},"end":{"line":127,"column":7}},"41":{"start":{"line":126,"column":8},"end":{"line":126,"column":62}},"42":{"start":{"line":128,"column":6},"end":{"line":128,"column":18}},"43":{"start":{"line":133,"column":0},"end":{"line":133,"column":38}}},"fnMap":{"0":{"name":"(anonymous_0)","decl":{"start":{"line":13,"column":2},"end":{"line":13,"column":3}},"loc":{"start":{"line":13,"column":36},"end":{"line":27,"column":3}},"line":13},"1":{"name":"(anonymous_1)","decl":{"start":{"line":35,"column":2},"end":{"line":35,"column":3}},"loc":{"start":{"line":35,"column":43},"end":{"line":42,"column":3}},"line":35},"2":{"name":"(anonymous_2)","decl":{"start":{"line":50,"column":2},"end":{"line":50,"column":3}},"loc":{"start":{"line":50,"column":37},"end":{"line":57,"column":3}},"line":50},"3":{"name":"(anonymous_3)","decl":{"start":{"line":65,"column":2},"end":{"line":65,"column":3}},"loc":{"start":{"line":65,"column":35},"end":{"line":80,"column":3}},"line":65},"4":{"name":"(anonymous_4)","decl":{"start":{"line":88,"column":2},"end":{"line":88,"column":3}},"loc":{"start":{"line":88,"column":35},"end":{"line":109,"column":3}},"line":88},"5":{"name":"(anonymous_5)","decl":{"start":{"line":117,"column":2},"end":{"line":117,"column":3}},"loc":{"start":{"line":117,"column":35},"end":{"line":130,"column":3}},"line":117}},"branchMap":{"0":{"loc":{"start":{"line":15,"column":19},"end":{"line":15,"column":48}},"type":"binary-expr","locations":[{"start":{"line":15,"column":19},"end":{"line":15,"column":43}},{"start":{"line":15,"column":47},"end":{"line":15,"column":48}}],"line":15},"1":{"loc":{"start":{"line":16,"column":20},"end":{"line":16,"column":51}},"type":"binary-expr","locations":[{"start":{"line":16,"column":20},"end":{"line":16,"column":45}},{"start":{"line":16,"column":49},"end":{"line":16,"column":51}}],"line":16},"2":{"loc":{"start":{"line":19,"column":6},"end":{"line":19,"column":55}},"type":"if","locations":[{"start":{"line":19,"column":6},"end":{"line":19,"column":55}},{"start":{},"end":{}}],"line":19},"3":{"loc":{"start":{"line":20,"column":6},"end":{"line":20,"column":73}},"type":"if","locations":[{"start":{"line":20,"column":6},"end":{"line":20,"column":73}},{"start":{},"end":{}}],"line":20},"4":{"loc":{"start":{"line":75,"column":6},"end":{"line":77,"column":7}},"type":"if","locations":[{"start":{"line":75,"column":6},"end":{"line":77,"column":7}},{"start":{},"end":{}}],"line":75},"5":{"loc":{"start":{"line":101,"column":6},"end":{"line":103,"column":7}},"type":"if","locations":[{"start":{"line":101,"column":6},"end":{"line":103,"column":7}},{"start":{},"end":{}}],"line":101},"6":{"loc":{"start":{"line":104,"column":6},"end":{"line":106,"column":7}},"type":"if","locations":[{"start":{"line":104,"column":6},"end":{"line":106,"column":7}},{"start":{},"end":{}}],"line":104},"7":{"loc":{"start":{"line":122,"column":6},"end":{"line":124,"column":7}},"type":"if","locations":[{"start":{"line":122,"column":6},"end":{"line":124,"column":7}},{"start":{},"end":{}}],"line":122},"8":{"loc":{"start":{"line":125,"column":6},"end":{"line":127,"column":7}},"type":"if","locations":[{"start":{"line":125,"column":6},"end":{"line":127,"column":7}},{"start":{},"end":{}}],"line":125}},"s":{"0":0,"1":0,"2":0,"3":0,"4":0,"5":0,"6":0,"7":0,"8":0,"9":0,"10":0,"11":0,"12":0,"13":0,"14":0,"15":0,"16":0,"17":0,"18":0,"19":0,"20":0,"21":0,"22":0,"23":0,"24":0,"25":0,"26":0,"27":0,"28":0,"29":0,"30":0,"31":0,"32":0,"33":0,"34":0,"35":0,"36":0,"37":0,"38":0,"39":0,"40":0,"41":0,"42":0,"43":0},"f":{"0":0,"1":0,"2":0,"3":0,"4":0,"5":0},"b":{"0":[0,0],"1":[0,0],"2":[0,0],"3":[0,0],"4":[0,0],"5":[0,0],"6":[0,0],"7":[0,0],"8":[0,0]}}
,"P:\\Perso\\Etudes\\Mastère Expert IT\\Mastère II\\Projets\\CC-AIBD-07-NodeJS-Mongoose-Individuel\\code\\src\\controllers\\pays.controller.js": {"path":"P:\\Perso\\Etudes\\Mastère Expert IT\\Mastère II\\Projets\\CC-AIBD-07-NodeJS-Mongoose-Individuel\\code\\src\\controllers\\pays.controller.js","statementMap":{"0":{"start":{"line":1,"column":20},"end":{"line":1,"column":55}},"1":{"start":{"line":14,"column":4},"end":{"line":19,"column":5}},"2":{"start":{"line":15,"column":19},"end":{"line":15,"column":49}},"3":{"start":{"line":16,"column":6},"end":{"line":16,"column":25}},"4":{"start":{"line":18,"column":6},"end":{"line":18,"column":18}},"5":{"start":{"line":29,"column":4},"end":{"line":37,"column":5}},"6":{"start":{"line":30,"column":21},"end":{"line":30,"column":72}},"7":{"start":{"line":31,"column":6},"end":{"line":33,"column":7}},"8":{"start":{"line":32,"column":8},"end":{"line":32,"column":66}},"9":{"start":{"line":34,"column":6},"end":{"line":34,"column":23}},"10":{"start":{"line":36,"column":6},"end":{"line":36,"column":18}},"11":{"start":{"line":47,"column":4},"end":{"line":56,"column":5}},"12":{"start":{"line":48,"column":19},"end":{"line":48,"column":57}},"13":{"start":{"line":49,"column":6},"end":{"line":52,"column":9}},"14":{"start":{"line":54,"column":6},"end":{"line":54,"column":59}},"15":{"start":{"line":55,"column":6},"end":{"line":55,"column":18}},"16":{"start":{"line":66,"column":4},"end":{"line":77,"column":5}},"17":{"start":{"line":67,"column":19},"end":{"line":67,"column":74}},"18":{"start":{"line":68,"column":6},"end":{"line":70,"column":7}},"19":{"start":{"line":69,"column":8},"end":{"line":69,"column":66}},"20":{"start":{"line":71,"column":6},"end":{"line":74,"column":9}},"21":{"start":{"line":76,"column":6},"end":{"line":76,"column":18}},"22":{"start":{"line":87,"column":4},"end":{"line":95,"column":5}},"23":{"start":{"line":88,"column":19},"end":{"line":88,"column":64}},"24":{"start":{"line":89,"column":6},"end":{"line":91,"column":7}},"25":{"start":{"line":90,"column":8},"end":{"line":90,"column":66}},"26":{"start":{"line":92,"column":6},"end":{"line":92,"column":45}},"27":{"start":{"line":94,"column":6},"end":{"line":94,"column":18}},"28":{"start":{"line":99,"column":0},"end":{"line":99,"column":38}}},"fnMap":{"0":{"name":"(anonymous_0)","decl":{"start":{"line":13,"column":2},"end":{"line":13,"column":3}},"loc":{"start":{"line":13,"column":35},"end":{"line":20,"column":3}},"line":13},"1":{"name":"(anonymous_1)","decl":{"start":{"line":28,"column":2},"end":{"line":28,"column":3}},"loc":{"start":{"line":28,"column":41},"end":{"line":38,"column":3}},"line":28},"2":{"name":"(anonymous_2)","decl":{"start":{"line":46,"column":2},"end":{"line":46,"column":3}},"loc":{"start":{"line":46,"column":35},"end":{"line":57,"column":3}},"line":46},"3":{"name":"(anonymous_3)","decl":{"start":{"line":65,"column":2},"end":{"line":65,"column":3}},"loc":{"start":{"line":65,"column":35},"end":{"line":78,"column":3}},"line":65},"4":{"name":"(anonymous_4)","decl":{"start":{"line":86,"column":2},"end":{"line":86,"column":3}},"loc":{"start":{"line":86,"column":35},"end":{"line":96,"column":3}},"line":86}},"branchMap":{"0":{"loc":{"start":{"line":31,"column":6},"end":{"line":33,"column":7}},"type":"if","locations":[{"start":{"line":31,"column":6},"end":{"line":33,"column":7}},{"start":{},"end":{}}],"line":31},"1":{"loc":{"start":{"line":68,"column":6},"end":{"line":70,"column":7}},"type":"if","locations":[{"start":{"line":68,"column":6},"end":{"line":70,"column":7}},{"start":{},"end":{}}],"line":68},"2":{"loc":{"start":{"line":89,"column":6},"end":{"line":91,"column":7}},"type":"if","locations":[{"start":{"line":89,"column":6},"end":{"line":91,"column":7}},{"start":{},"end":{}}],"line":89}},"s":{"0":1,"1":2,"2":2,"3":2,"4":0,"5":2,"6":2,"7":2,"8":1,"9":1,"10":0,"11":2,"12":2,"13":1,"14":1,"15":1,"16":2,"17":2,"18":2,"19":1,"20":1,"21":0,"22":0,"23":0,"24":0,"25":0,"26":0,"27":0,"28":1},"f":{"0":2,"1":2,"2":2,"3":2,"4":0},"b":{"0":[1,1],"1":[1,1],"2":[0,0]},"_coverageSchema":"1a1c01bbd47fc00a2c39e90264f33305004495a9","hash":"941478a4bff1b52659f30bd3a674b563836d52c6"}
,"P:\\Perso\\Etudes\\Mastère Expert IT\\Mastère II\\Projets\\CC-AIBD-07-NodeJS-Mongoose-Individuel\\code\\src\\dto\\artiste.dto.js": {"path":"P:\\Perso\\Etudes\\Mastère Expert IT\\Mastère II\\Projets\\CC-AIBD-07-NodeJS-Mongoose-Individuel\\code\\src\\dto\\artiste.dto.js","statementMap":{"0":{"start":{"line":3,"column":8},"end":{"line":8,"column":10}},"1":{"start":{"line":12,"column":0},"end":{"line":12,"column":28}}},"fnMap":{"0":{"name":"(anonymous_0)","decl":{"start":{"line":2,"column":4},"end":{"line":2,"column":5}},"loc":{"start":{"line":2,"column":26},"end":{"line":9,"column":5}},"line":2}},"branchMap":{},"s":{"0":10,"1":1},"f":{"0":10},"b":{},"_coverageSchema":"1a1c01bbd47fc00a2c39e90264f33305004495a9","hash":"65f53cb921d879bac2d601805ad6e6c5ea523fe8"}
,"P:\\Perso\\Etudes\\Mastère Expert IT\\Mastère II\\Projets\\CC-AIBD-07-NodeJS-Mongoose-Individuel\\code\\src\\dto\\film.dto.js": {"path":"P:\\Perso\\Etudes\\Mastère Expert IT\\Mastère II\\Projets\\CC-AIBD-07-NodeJS-Mongoose-Individuel\\code\\src\\dto\\film.dto.js","statementMap":{"0":{"start":{"line":3,"column":8},"end":{"line":31,"column":10}},"1":{"start":{"line":15,"column":44},"end":{"line":24,"column":13}},"2":{"start":{"line":35,"column":0},"end":{"line":35,"column":25}}},"fnMap":{"0":{"name":"(anonymous_0)","decl":{"start":{"line":2,"column":4},"end":{"line":2,"column":5}},"loc":{"start":{"line":2,"column":23},"end":{"line":32,"column":5}},"line":2},"1":{"name":"(anonymous_1)","decl":{"start":{"line":15,"column":35},"end":{"line":15,"column":36}},"loc":{"start":{"line":15,"column":44},"end":{"line":24,"column":13}},"line":15}},"branchMap":{"0":{"loc":{"start":{"line":9,"column":25},"end":{"line":14,"column":20}},"type":"cond-expr","locations":[{"start":{"line":9,"column":44},"end":{"line":14,"column":13}},{"start":{"line":14,"column":16},"end":{"line":14,"column":20}}],"line":9},"1":{"loc":{"start":{"line":15,"column":19},"end":{"line":24,"column":21}},"type":"binary-expr","locations":[{"start":{"line":15,"column":19},"end":{"line":24,"column":15}},{"start":{"line":24,"column":19},"end":{"line":24,"column":21}}],"line":15},"2":{"loc":{"start":{"line":25,"column":18},"end":{"line":29,"column":20}},"type":"cond-expr","locations":[{"start":{"line":25,"column":30},"end":{"line":29,"column":13}},{"start":{"line":29,"column":16},"end":{"line":29,"column":20}}],"line":25}},"s":{"0":11,"1":0,"2":4},"f":{"0":11,"1":0},"b":{"0":[4,7],"1":[11,0],"2":[11,0]},"_coverageSchema":"1a1c01bbd47fc00a2c39e90264f33305004495a9","hash":"f3885e4af086e1f9684a8e6de7d12db59cc8cf68"}
,"P:\\Perso\\Etudes\\Mastère Expert IT\\Mastère II\\Projets\\CC-AIBD-07-NodeJS-Mongoose-Individuel\\code\\src\\dto\\internaute.dto.js": {"path":"P:\\Perso\\Etudes\\Mastère Expert IT\\Mastère II\\Projets\\CC-AIBD-07-NodeJS-Mongoose-Individuel\\code\\src\\dto\\internaute.dto.js","statementMap":{"0":{"start":{"line":3,"column":8},"end":{"line":10,"column":10}},"1":{"start":{"line":14,"column":0},"end":{"line":14,"column":31}}},"fnMap":{"0":{"name":"(anonymous_0)","decl":{"start":{"line":2,"column":4},"end":{"line":2,"column":5}},"loc":{"start":{"line":2,"column":29},"end":{"line":11,"column":5}},"line":2}},"branchMap":{},"s":{"0":5,"1":2},"f":{"0":5},"b":{},"_coverageSchema":"1a1c01bbd47fc00a2c39e90264f33305004495a9","hash":"cd542d597e04b5a6aa4eab73caaa5a349562a79f"}
,"P:\\Perso\\Etudes\\Mastère Expert IT\\Mastère II\\Projets\\CC-AIBD-07-NodeJS-Mongoose-Individuel\\code\\src\\dto\\note.dto.js": {"path":"P:\\Perso\\Etudes\\Mastère Expert IT\\Mastère II\\Projets\\CC-AIBD-07-NodeJS-Mongoose-Individuel\\code\\src\\dto\\note.dto.js","statementMap":{"0":{"start":{"line":3,"column":8},"end":{"line":18,"column":10}},"1":{"start":{"line":22,"column":0},"end":{"line":22,"column":25}}},"fnMap":{"0":{"name":"(anonymous_0)","decl":{"start":{"line":2,"column":4},"end":{"line":2,"column":5}},"loc":{"start":{"line":2,"column":23},"end":{"line":19,"column":5}},"line":2}},"branchMap":{"0":{"loc":{"start":{"line":8,"column":24},"end":{"line":12,"column":20}},"type":"cond-expr","locations":[{"start":{"line":8,"column":42},"end":{"line":12,"column":13}},{"start":{"line":12,"column":16},"end":{"line":12,"column":20}}],"line":8},"1":{"loc":{"start":{"line":13,"column":18},"end":{"line":17,"column":20}},"type":"cond-expr","locations":[{"start":{"line":13,"column":30},"end":{"line":17,"column":13}},{"start":{"line":17,"column":16},"end":{"line":17,"column":20}}],"line":13}},"s":{"0":14,"1":1},"f":{"0":14},"b":{"0":[14,0],"1":[14,0]},"_coverageSchema":"1a1c01bbd47fc00a2c39e90264f33305004495a9","hash":"5786f421a6ade277f4ae5dfeddd66af475a80834"}
,"P:\\Perso\\Etudes\\Mastère Expert IT\\Mastère II\\Projets\\CC-AIBD-07-NodeJS-Mongoose-Individuel\\code\\src\\dto\\pays.dto.js": {"path":"P:\\Perso\\Etudes\\Mastère Expert IT\\Mastère II\\Projets\\CC-AIBD-07-NodeJS-Mongoose-Individuel\\code\\src\\dto\\pays.dto.js","statementMap":{"0":{"start":{"line":3,"column":8},"end":{"line":8,"column":10}},"1":{"start":{"line":12,"column":0},"end":{"line":12,"column":25}}},"fnMap":{"0":{"name":"(anonymous_0)","decl":{"start":{"line":2,"column":4},"end":{"line":2,"column":5}},"loc":{"start":{"line":2,"column":23},"end":{"line":9,"column":5}},"line":2}},"branchMap":{},"s":{"0":12,"1":2},"f":{"0":12},"b":{},"_coverageSchema":"1a1c01bbd47fc00a2c39e90264f33305004495a9","hash":"7fd6248c92fb6370b6139bd2371c7b6c741b3757"}
,"P:\\Perso\\Etudes\\Mastère Expert IT\\Mastère II\\Projets\\CC-AIBD-07-NodeJS-Mongoose-Individuel\\code\\src\\middlewares\\auth.middleware.js": {"path":"P:\\Perso\\Etudes\\Mastère Expert IT\\Mastère II\\Projets\\CC-AIBD-07-NodeJS-Mongoose-Individuel\\code\\src\\middlewares\\auth.middleware.js","statementMap":{"0":{"start":{"line":1,"column":12},"end":{"line":1,"column":35}},"1":{"start":{"line":2,"column":13},"end":{"line":2,"column":50}},"2":{"start":{"line":4,"column":13},"end":{"line":24,"column":1}},"3":{"start":{"line":5,"column":2},"end":{"line":23,"column":3}},"4":{"start":{"line":6,"column":18},"end":{"line":6,"column":69}},"5":{"start":{"line":8,"column":4},"end":{"line":10,"column":5}},"6":{"start":{"line":9,"column":6},"end":{"line":9,"column":78}},"7":{"start":{"line":12,"column":20},"end":{"line":12,"column":61}},"8":{"start":{"line":13,"column":17},"end":{"line":13,"column":48}},"9":{"start":{"line":15,"column":4},"end":{"line":17,"column":5}},"10":{"start":{"line":16,"column":6},"end":{"line":16,"column":87}},"11":{"start":{"line":19,"column":4},"end":{"line":19,"column":20}},"12":{"start":{"line":20,"column":4},"end":{"line":20,"column":11}},"13":{"start":{"line":22,"column":4},"end":{"line":22,"column":55}},"14":{"start":{"line":26,"column":0},"end":{"line":26,"column":26}}},"fnMap":{"0":{"name":"(anonymous_0)","decl":{"start":{"line":4,"column":13},"end":{"line":4,"column":14}},"loc":{"start":{"line":4,"column":39},"end":{"line":24,"column":1}},"line":4}},"branchMap":{"0":{"loc":{"start":{"line":8,"column":4},"end":{"line":10,"column":5}},"type":"if","locations":[{"start":{"line":8,"column":4},"end":{"line":10,"column":5}},{"start":{},"end":{}}],"line":8},"1":{"loc":{"start":{"line":15,"column":4},"end":{"line":17,"column":5}},"type":"if","locations":[{"start":{"line":15,"column":4},"end":{"line":17,"column":5}},{"start":{},"end":{}}],"line":15}},"s":{"0":2,"1":2,"2":2,"3":8,"4":8,"5":8,"6":2,"7":6,"8":5,"9":4,"10":2,"11":2,"12":2,"13":2,"14":2},"f":{"0":8},"b":{"0":[2,6],"1":[2,2]},"_coverageSchema":"1a1c01bbd47fc00a2c39e90264f33305004495a9","hash":"20f2a098745514e9c88c62dcc9df47a0bc22d714"}
,"P:\\Perso\\Etudes\\Mastère Expert IT\\Mastère II\\Projets\\CC-AIBD-07-NodeJS-Mongoose-Individuel\\code\\src\\middlewares\\csrf.middleware.js": {"path":"P:\\Perso\\Etudes\\Mastère Expert IT\\Mastère II\\Projets\\CC-AIBD-07-NodeJS-Mongoose-Individuel\\code\\src\\middlewares\\csrf.middleware.js","statementMap":{"0":{"start":{"line":2,"column":13},"end":{"line":2,"column":29}},"1":{"start":{"line":5,"column":23},"end":{"line":11,"column":2}},"2":{"start":{"line":13,"column":0},"end":{"line":13,"column":32}}},"fnMap":{},"branchMap":{},"s":{"0":0,"1":0,"2":0},"f":{},"b":{}}
,"P:\\Perso\\Etudes\\Mastère Expert IT\\Mastère II\\Projets\\CC-AIBD-07-NodeJS-Mongoose-Individuel\\code\\src\\middlewares\\error.handler.middleware.js": {"path":"P:\\Perso\\Etudes\\Mastère Expert IT\\Mastère II\\Projets\\CC-AIBD-07-NodeJS-Mongoose-Individuel\\code\\src\\middlewares\\error.handler.middleware.js","statementMap":{"0":{"start":{"line":1,"column":15},"end":{"line":1,"column":42}},"1":{"start":{"line":5,"column":21},"end":{"line":33,"column":1}},"2":{"start":{"line":6,"column":14},"end":{"line":6,"column":24}},"3":{"start":{"line":7,"column":2},"end":{"line":7,"column":30}},"4":{"start":{"line":9,"column":2},"end":{"line":9,"column":20}},"5":{"start":{"line":12,"column":2},"end":{"line":15,"column":3}},"6":{"start":{"line":13,"column":20},"end":{"line":13,"column":80}},"7":{"start":{"line":13,"column":57},"end":{"line":13,"column":68}},"8":{"start":{"line":14,"column":4},"end":{"line":14,"column":41}},"9":{"start":{"line":18,"column":2},"end":{"line":22,"column":3}},"10":{"start":{"line":19,"column":18},"end":{"line":19,"column":46}},"11":{"start":{"line":20,"column":20},"end":{"line":20,"column":44}},"12":{"start":{"line":21,"column":4},"end":{"line":21,"column":41}},"13":{"start":{"line":25,"column":2},"end":{"line":28,"column":3}},"14":{"start":{"line":26,"column":20},"end":{"line":26,"column":43}},"15":{"start":{"line":27,"column":4},"end":{"line":27,"column":41}},"16":{"start":{"line":30,"column":2},"end":{"line":32,"column":5}},"17":{"start":{"line":35,"column":0},"end":{"line":35,"column":30}}},"fnMap":{"0":{"name":"(anonymous_0)","decl":{"start":{"line":5,"column":21},"end":{"line":5,"column":22}},"loc":{"start":{"line":5,"column":46},"end":{"line":33,"column":1}},"line":5},"1":{"name":"(anonymous_1)","decl":{"start":{"line":13,"column":50},"end":{"line":13,"column":51}},"loc":{"start":{"line":13,"column":57},"end":{"line":13,"column":68}},"line":13}},"branchMap":{"0":{"loc":{"start":{"line":12,"column":2},"end":{"line":15,"column":3}},"type":"if","locations":[{"start":{"line":12,"column":2},"end":{"line":15,"column":3}},{"start":{},"end":{}}],"line":12},"1":{"loc":{"start":{"line":18,"column":2},"end":{"line":22,"column":3}},"type":"if","locations":[{"start":{"line":18,"column":2},"end":{"line":22,"column":3}},{"start":{},"end":{}}],"line":18},"2":{"loc":{"start":{"line":25,"column":2},"end":{"line":28,"column":3}},"type":"if","locations":[{"start":{"line":25,"column":2},"end":{"line":28,"column":3}},{"start":{},"end":{}}],"line":25},"3":{"loc":{"start":{"line":30,"column":13},"end":{"line":30,"column":36}},"type":"binary-expr","locations":[{"start":{"line":30,"column":13},"end":{"line":30,"column":29}},{"start":{"line":30,"column":33},"end":{"line":30,"column":36}}],"line":30},"4":{"loc":{"start":{"line":31,"column":11},"end":{"line":31,"column":44}},"type":"binary-expr","locations":[{"start":{"line":31,"column":11},"end":{"line":31,"column":24}},{"start":{"line":31,"column":28},"end":{"line":31,"column":44}}],"line":31}},"s":{"0":0,"1":0,"2":0,"3":0,"4":0,"5":0,"6":0,"7":0,"8":0,"9":0,"10":0,"11":0,"12":0,"13":0,"14":0,"15":0,"16":0,"17":0},"f":{"0":0,"1":0},"b":{"0":[0,0],"1":[0,0],"2":[0,0],"3":[0,0],"4":[0,0]}}
,"P:\\Perso\\Etudes\\Mastère Expert IT\\Mastère II\\Projets\\CC-AIBD-07-NodeJS-Mongoose-Individuel\\code\\src\\middlewares\\storage.middleware.js": {"path":"P:\\Perso\\Etudes\\Mastère Expert IT\\Mastère II\\Projets\\CC-AIBD-07-NodeJS-Mongoose-Individuel\\code\\src\\middlewares\\storage.middleware.js","statementMap":{"0":{"start":{"line":1,"column":15},"end":{"line":1,"column":32}},"1":{"start":{"line":2,"column":13},"end":{"line":2,"column":28}},"2":{"start":{"line":5,"column":16},"end":{"line":25,"column":2}},"3":{"start":{"line":8,"column":22},"end":{"line":8,"column":33}},"4":{"start":{"line":11,"column":4},"end":{"line":13,"column":5}},"5":{"start":{"line":12,"column":6},"end":{"line":12,"column":51}},"6":{"start":{"line":15,"column":4},"end":{"line":15,"column":24}},"7":{"start":{"line":20,"column":22},"end":{"line":20,"column":32}},"8":{"start":{"line":21,"column":22},"end":{"line":21,"column":53}},"9":{"start":{"line":22,"column":21},"end":{"line":22,"column":64}},"10":{"start":{"line":23,"column":4},"end":{"line":23,"column":53}},"11":{"start":{"line":28,"column":19},"end":{"line":39,"column":1}},"12":{"start":{"line":30,"column":23},"end":{"line":30,"column":50}},"13":{"start":{"line":31,"column":18},"end":{"line":31,"column":82}},"14":{"start":{"line":32,"column":19},"end":{"line":32,"column":51}},"15":{"start":{"line":34,"column":2},"end":{"line":38,"column":3}},"16":{"start":{"line":35,"column":4},"end":{"line":35,"column":26}},"17":{"start":{"line":37,"column":4},"end":{"line":37,"column":50}},"18":{"start":{"line":42,"column":15},"end":{"line":48,"column":2}},"19":{"start":{"line":50,"column":0},"end":{"line":50,"column":24}}},"fnMap":{"0":{"name":"(anonymous_0)","decl":{"start":{"line":6,"column":15},"end":{"line":6,"column":16}},"loc":{"start":{"line":6,"column":40},"end":{"line":16,"column":3}},"line":6},"1":{"name":"(anonymous_1)","decl":{"start":{"line":17,"column":12},"end":{"line":17,"column":13}},"loc":{"start":{"line":17,"column":37},"end":{"line":24,"column":3}},"line":17},"2":{"name":"(anonymous_2)","decl":{"start":{"line":28,"column":19},"end":{"line":28,"column":20}},"loc":{"start":{"line":28,"column":38},"end":{"line":39,"column":1}},"line":28}},"branchMap":{"0":{"loc":{"start":{"line":11,"column":4},"end":{"line":13,"column":5}},"type":"if","locations":[{"start":{"line":11,"column":4},"end":{"line":13,"column":5}},{"start":{},"end":{}}],"line":11},"1":{"loc":{"start":{"line":34,"column":2},"end":{"line":38,"column":3}},"type":"if","locations":[{"start":{"line":34,"column":2},"end":{"line":38,"column":3}},{"start":{"line":36,"column":9},"end":{"line":38,"column":3}}],"line":34},"2":{"loc":{"start":{"line":34,"column":6},"end":{"line":34,"column":25}},"type":"binary-expr","locations":[{"start":{"line":34,"column":6},"end":{"line":34,"column":14}},{"start":{"line":34,"column":18},"end":{"line":34,"column":25}}],"line":34}},"s":{"0":0,"1":0,"2":0,"3":0,"4":0,"5":0,"6":0,"7":0,"8":0,"9":0,"10":0,"11":0,"12":0,"13":0,"14":0,"15":0,"16":0,"17":0,"18":0,"19":0},"f":{"0":0,"1":0,"2":0},"b":{"0":[0,0],"1":[0,0],"2":[0,0]}}
,"P:\\Perso\\Etudes\\Mastère Expert IT\\Mastère II\\Projets\\CC-AIBD-07-NodeJS-Mongoose-Individuel\\code\\src\\middlewares\\xss.protection.middleware.js": {"path":"P:\\Perso\\Etudes\\Mastère Expert IT\\Mastère II\\Projets\\CC-AIBD-07-NodeJS-Mongoose-Individuel\\code\\src\\middlewares\\xss.protection.middleware.js","statementMap":{"0":{"start":{"line":1,"column":24},"end":{"line":1,"column":55}},"1":{"start":{"line":2,"column":18},"end":{"line":2,"column":35}},"2":{"start":{"line":4,"column":22},"end":{"line":16,"column":1}},"3":{"start":{"line":6,"column":2},"end":{"line":8,"column":3}},"4":{"start":{"line":7,"column":4},"end":{"line":7,"column":40}},"5":{"start":{"line":11,"column":2},"end":{"line":13,"column":3}},"6":{"start":{"line":12,"column":4},"end":{"line":12,"column":42}},"7":{"start":{"line":15,"column":2},"end":{"line":15,"column":9}},"8":{"start":{"line":19,"column":20},"end":{"line":19,"column":22}},"9":{"start":{"line":20,"column":2},"end":{"line":28,"column":3}},"10":{"start":{"line":21,"column":4},"end":{"line":27,"column":5}},"11":{"start":{"line":22,"column":6},"end":{"line":22,"column":49}},"12":{"start":{"line":23,"column":11},"end":{"line":27,"column":5}},"13":{"start":{"line":24,"column":6},"end":{"line":24,"column":45}},"14":{"start":{"line":26,"column":6},"end":{"line":26,"column":29}},"15":{"start":{"line":29,"column":2},"end":{"line":29,"column":19}},"16":{"start":{"line":32,"column":0},"end":{"line":32,"column":31}}},"fnMap":{"0":{"name":"(anonymous_0)","decl":{"start":{"line":4,"column":22},"end":{"line":4,"column":23}},"loc":{"start":{"line":4,"column":42},"end":{"line":16,"column":1}},"line":4},"1":{"name":"sanitizeObject","decl":{"start":{"line":18,"column":9},"end":{"line":18,"column":23}},"loc":{"start":{"line":18,"column":29},"end":{"line":30,"column":1}},"line":18}},"branchMap":{"0":{"loc":{"start":{"line":6,"column":2},"end":{"line":8,"column":3}},"type":"if","locations":[{"start":{"line":6,"column":2},"end":{"line":8,"column":3}},{"start":{},"end":{}}],"line":6},"1":{"loc":{"start":{"line":6,"column":6},"end":{"line":6,"column":46}},"type":"binary-expr","locations":[{"start":{"line":6,"column":6},"end":{"line":6,"column":14}},{"start":{"line":6,"column":18},"end":{"line":6,"column":46}}],"line":6},"2":{"loc":{"start":{"line":11,"column":2},"end":{"line":13,"column":3}},"type":"if","locations":[{"start":{"line":11,"column":2},"end":{"line":13,"column":3}},{"start":{},"end":{}}],"line":11},"3":{"loc":{"start":{"line":11,"column":6},"end":{"line":11,"column":48}},"type":"binary-expr","locations":[{"start":{"line":11,"column":6},"end":{"line":11,"column":15}},{"start":{"line":11,"column":19},"end":{"line":11,"column":48}}],"line":11},"4":{"loc":{"start":{"line":21,"column":4},"end":{"line":27,"column":5}},"type":"if","locations":[{"start":{"line":21,"column":4},"end":{"line":27,"column":5}},{"start":{"line":23,"column":11},"end":{"line":27,"column":5}}],"line":21},"5":{"loc":{"start":{"line":23,"column":11},"end":{"line":27,"column":5}},"type":"if","locations":[{"start":{"line":23,"column":11},"end":{"line":27,"column":5}},{"start":{"line":25,"column":11},"end":{"line":27,"column":5}}],"line":23},"6":{"loc":{"start":{"line":23,"column":15},"end":{"line":23,"column":58}},"type":"binary-expr","locations":[{"start":{"line":23,"column":15},"end":{"line":23,"column":40}},{"start":{"line":23,"column":44},"end":{"line":23,"column":58}}],"line":23}},"s":{"0":0,"1":0,"2":0,"3":0,"4":0,"5":0,"6":0,"7":0,"8":0,"9":0,"10":0,"11":0,"12":0,"13":0,"14":0,"15":0,"16":0},"f":{"0":0,"1":0},"b":{"0":[0,0],"1":[0,0],"2":[0,0],"3":[0,0],"4":[0,0],"5":[0,0],"6":[0,0]}}
,"P:\\Perso\\Etudes\\Mastère Expert IT\\Mastère II\\Projets\\CC-AIBD-07-NodeJS-Mongoose-Individuel\\code\\src\\models\\artiste.model.js": {"path":"P:\\Perso\\Etudes\\Mastère Expert IT\\Mastère II\\Projets\\CC-AIBD-07-NodeJS-Mongoose-Individuel\\code\\src\\models\\artiste.model.js","statementMap":{"0":{"start":{"line":1,"column":17},"end":{"line":1,"column":36}},"1":{"start":{"line":3,"column":22},"end":{"line":31,"column":1}},"2":{"start":{"line":34,"column":0},"end":{"line":34,"column":43}},"3":{"start":{"line":36,"column":0},"end":{"line":36,"column":58}}},"fnMap":{},"branchMap":{},"s":{"0":3,"1":3,"2":3,"3":3},"f":{},"b":{},"_coverageSchema":"1a1c01bbd47fc00a2c39e90264f33305004495a9","hash":"5bbc2d42ca30864c665f52cc91dc2d0e583e45b0"}
,"P:\\Perso\\Etudes\\Mastère Expert IT\\Mastère II\\Projets\\CC-AIBD-07-NodeJS-Mongoose-Individuel\\code\\src\\models\\film.model.js": {"path":"P:\\Perso\\Etudes\\Mastère Expert IT\\Mastère II\\Projets\\CC-AIBD-07-NodeJS-Mongoose-Individuel\\code\\src\\models\\film.model.js","statementMap":{"0":{"start":{"line":1,"column":17},"end":{"line":1,"column":36}},"1":{"start":{"line":3,"column":19},"end":{"line":65,"column":1}},"2":{"start":{"line":68,"column":0},"end":{"line":68,"column":41}},"3":{"start":{"line":69,"column":0},"end":{"line":69,"column":31}},"4":{"start":{"line":70,"column":0},"end":{"line":70,"column":30}},"5":{"start":{"line":72,"column":0},"end":{"line":72,"column":52}}},"fnMap":{},"branchMap":{},"s":{"0":6,"1":6,"2":6,"3":6,"4":6,"5":6},"f":{},"b":{},"_coverageSchema":"1a1c01bbd47fc00a2c39e90264f33305004495a9","hash":"5a9147af062afe91ad8d355520d9f506d1a514e7"}
,"P:\\Perso\\Etudes\\Mastère Expert IT\\Mastère II\\Projets\\CC-AIBD-07-NodeJS-Mongoose-Individuel\\code\\src\\models\\internaute.model.js": {"path":"P:\\Perso\\Etudes\\Mastère Expert IT\\Mastère II\\Projets\\CC-AIBD-07-NodeJS-Mongoose-Individuel\\code\\src\\models\\internaute.model.js","statementMap":{"0":{"start":{"line":1,"column":17},"end":{"line":1,"column":36}},"1":{"start":{"line":2,"column":15},"end":{"line":2,"column":34}},"2":{"start":{"line":4,"column":25},"end":{"line":35,"column":2}},"3":{"start":{"line":38,"column":0},"end":{"line":48,"column":3}},"4":{"start":{"line":39,"column":2},"end":{"line":39,"column":52}},"5":{"start":{"line":39,"column":38},"end":{"line":39,"column":52}},"6":{"start":{"line":41,"column":2},"end":{"line":47,"column":3}},"7":{"start":{"line":42,"column":17},"end":{"line":42,"column":41}},"8":{"start":{"line":43,"column":4},"end":{"line":43,"column":63}},"9":{"start":{"line":44,"column":4},"end":{"line":44,"column":11}},"10":{"start":{"line":46,"column":4},"end":{"line":46,"column":16}},"11":{"start":{"line":51,"column":0},"end":{"line":53,"column":2}},"12":{"start":{"line":52,"column":2},"end":{"line":52,"column":60}},"13":{"start":{"line":56,"column":0},"end":{"line":60,"column":2}},"14":{"start":{"line":57,"column":27},"end":{"line":57,"column":42}},"15":{"start":{"line":58,"column":2},"end":{"line":58,"column":37}},"16":{"start":{"line":59,"column":2},"end":{"line":59,"column":26}},"17":{"start":{"line":62,"column":0},"end":{"line":62,"column":64}}},"fnMap":{"0":{"name":"(anonymous_0)","decl":{"start":{"line":38,"column":29},"end":{"line":38,"column":30}},"loc":{"start":{"line":38,"column":50},"end":{"line":48,"column":1}},"line":38},"1":{"name":"(anonymous_1)","decl":{"start":{"line":51,"column":43},"end":{"line":51,"column":44}},"loc":{"start":{"line":51,"column":77},"end":{"line":53,"column":1}},"line":51},"2":{"name":"(anonymous_2)","decl":{"start":{"line":56,"column":34},"end":{"line":56,"column":35}},"loc":{"start":{"line":56,"column":45},"end":{"line":60,"column":1}},"line":56}},"branchMap":{"0":{"loc":{"start":{"line":39,"column":2},"end":{"line":39,"column":52}},"type":"if","locations":[{"start":{"line":39,"column":2},"end":{"line":39,"column":52}},{"start":{},"end":{}}],"line":39}},"s":{"0":5,"1":5,"2":5,"3":5,"4":59,"5":0,"6":59,"7":59,"8":59,"9":59,"10":0,"11":5,"12":4,"13":5,"14":0,"15":0,"16":0,"17":5},"f":{"0":59,"1":4,"2":0},"b":{"0":[0,59]},"_coverageSchema":"1a1c01bbd47fc00a2c39e90264f33305004495a9","hash":"488172755cd83555021c320e03d38468f8f8a145"}
,"P:\\Perso\\Etudes\\Mastère Expert IT\\Mastère II\\Projets\\CC-AIBD-07-NodeJS-Mongoose-Individuel\\code\\src\\models\\note.model.js": {"path":"P:\\Perso\\Etudes\\Mastère Expert IT\\Mastère II\\Projets\\CC-AIBD-07-NodeJS-Mongoose-Individuel\\code\\src\\models\\note.model.js","statementMap":{"0":{"start":{"line":2,"column":17},"end":{"line":2,"column":36}},"1":{"start":{"line":4,"column":19},"end":{"line":27,"column":2}},"2":{"start":{"line":30,"column":0},"end":{"line":30,"column":63}},"3":{"start":{"line":32,"column":0},"end":{"line":32,"column":52}}},"fnMap":{},"branchMap":{},"s":{"0":2,"1":2,"2":2,"3":2},"f":{},"b":{},"_coverageSchema":"1a1c01bbd47fc00a2c39e90264f33305004495a9","hash":"5f7c176d4d67a9b3bd443c4c31a7c2e688edfcc0"}
,"P:\\Perso\\Etudes\\Mastère Expert IT\\Mastère II\\Projets\\CC-AIBD-07-NodeJS-Mongoose-Individuel\\code\\src\\models\\pays.model.js": {"path":"P:\\Perso\\Etudes\\Mastère Expert IT\\Mastère II\\Projets\\CC-AIBD-07-NodeJS-Mongoose-Individuel\\code\\src\\models\\pays.model.js","statementMap":{"0":{"start":{"line":2,"column":17},"end":{"line":2,"column":36}},"1":{"start":{"line":4,"column":19},"end":{"line":25,"column":2}},"2":{"start":{"line":27,"column":0},"end":{"line":27,"column":52}}},"fnMap":{},"branchMap":{},"s":{"0":7,"1":7,"2":7},"f":{},"b":{},"_coverageSchema":"1a1c01bbd47fc00a2c39e90264f33305004495a9","hash":"87097b427df21ac75c20aca8f90e130e054cb2ca"}
,"P:\\Perso\\Etudes\\Mastère Expert IT\\Mastère II\\Projets\\CC-AIBD-07-NodeJS-Mongoose-Individuel\\code\\src\\models\\role.model.js": {"path":"P:\\Perso\\Etudes\\Mastère Expert IT\\Mastère II\\Projets\\CC-AIBD-07-NodeJS-Mongoose-Individuel\\code\\src\\models\\role.model.js","statementMap":{"0":{"start":{"line":1,"column":17},"end":{"line":1,"column":36}},"1":{"start":{"line":3,"column":19},"end":{"line":19,"column":2}},"2":{"start":{"line":21,"column":13},"end":{"line":21,"column":47}},"3":{"start":{"line":23,"column":0},"end":{"line":23,"column":22}}},"fnMap":{},"branchMap":{},"s":{"0":1,"1":1,"2":1,"3":1},"f":{},"b":{},"_coverageSchema":"1a1c01bbd47fc00a2c39e90264f33305004495a9","hash":"07d4c6b93c26e998fb0e5c6ed9d91ef6c22ca84e"}
,"P:\\Perso\\Etudes\\Mastère Expert IT\\Mastère II\\Projets\\CC-AIBD-07-NodeJS-Mongoose-Individuel\\code\\src\\routes\\api.doc.routes.js": {"path":"P:\\Perso\\Etudes\\Mastère Expert IT\\Mastère II\\Projets\\CC-AIBD-07-NodeJS-Mongoose-Individuel\\code\\src\\routes\\api.doc.routes.js","statementMap":{"0":{"start":{"line":1,"column":16},"end":{"line":1,"column":34}},"1":{"start":{"line":2,"column":15},"end":{"line":2,"column":31}},"2":{"start":{"line":3,"column":18},"end":{"line":3,"column":47}},"3":{"start":{"line":4,"column":29},"end":{"line":4,"column":61}},"4":{"start":{"line":6,"column":0},"end":{"line":6,"column":33}},"5":{"start":{"line":7,"column":0},"end":{"line":7,"column":55}},"6":{"start":{"line":9,"column":0},"end":{"line":11,"column":3}},"7":{"start":{"line":10,"column":2},"end":{"line":10,"column":33}},"8":{"start":{"line":13,"column":0},"end":{"line":13,"column":24}}},"fnMap":{"0":{"name":"(anonymous_0)","decl":{"start":{"line":9,"column":20},"end":{"line":9,"column":21}},"loc":{"start":{"line":9,"column":34},"end":{"line":11,"column":1}},"line":9}},"branchMap":{},"s":{"0":0,"1":0,"2":0,"3":0,"4":0,"5":0,"6":0,"7":0,"8":0},"f":{"0":0},"b":{}}
,"P:\\Perso\\Etudes\\Mastère Expert IT\\Mastère II\\Projets\\CC-AIBD-07-NodeJS-Mongoose-Individuel\\code\\src\\routes\\artistes.routes.js": {"path":"P:\\Perso\\Etudes\\Mastère Expert IT\\Mastère II\\Projets\\CC-AIBD-07-NodeJS-Mongoose-Individuel\\code\\src\\routes\\artistes.routes.js","statementMap":{"0":{"start":{"line":2,"column":16},"end":{"line":2,"column":34}},"1":{"start":{"line":3,"column":26},"end":{"line":3,"column":70}},"2":{"start":{"line":5,"column":15},"end":{"line":5,"column":31}},"3":{"start":{"line":38,"column":0},"end":{"line":38,"column":74}},"4":{"start":{"line":58,"column":0},"end":{"line":58,"column":77}},"5":{"start":{"line":89,"column":0},"end":{"line":89,"column":74}},"6":{"start":{"line":124,"column":0},"end":{"line":124,"column":76}},"7":{"start":{"line":145,"column":0},"end":{"line":145,"column":79}},"8":{"start":{"line":147,"column":0},"end":{"line":147,"column":24}}},"fnMap":{},"branchMap":{},"s":{"0":0,"1":0,"2":0,"3":0,"4":0,"5":0,"6":0,"7":0,"8":0},"f":{},"b":{}}
,"P:\\Perso\\Etudes\\Mastère Expert IT\\Mastère II\\Projets\\CC-AIBD-07-NodeJS-Mongoose-Individuel\\code\\src\\routes\\auth.routes.js": {"path":"P:\\Perso\\Etudes\\Mastère Expert IT\\Mastère II\\Projets\\CC-AIBD-07-NodeJS-Mongoose-Individuel\\code\\src\\routes\\auth.routes.js","statementMap":{"0":{"start":{"line":1,"column":16},"end":{"line":1,"column":34}},"1":{"start":{"line":2,"column":17},"end":{"line":2,"column":45}},"2":{"start":{"line":3,"column":23},"end":{"line":3,"column":64}},"3":{"start":{"line":4,"column":17},"end":{"line":4,"column":58}},"4":{"start":{"line":6,"column":15},"end":{"line":6,"column":31}},"5":{"start":{"line":8,"column":27},"end":{"line":18,"column":1}},"6":{"start":{"line":20,"column":24},"end":{"line":23,"column":1}},"7":{"start":{"line":62,"column":0},"end":{"line":66,"column":2}},"8":{"start":{"line":95,"column":0},"end":{"line":99,"column":2}},"9":{"start":{"line":113,"column":0},"end":{"line":113,"column":77}},"10":{"start":{"line":115,"column":0},"end":{"line":115,"column":24}}},"fnMap":{},"branchMap":{},"s":{"0":1,"1":1,"2":1,"3":1,"4":1,"5":1,"6":1,"7":1,"8":1,"9":1,"10":1},"f":{},"b":{},"_coverageSchema":"1a1c01bbd47fc00a2c39e90264f33305004495a9","hash":"c71f5e7d3ee402f60f1f37c6f9cc954b2dfbeb6f"}
,"P:\\Perso\\Etudes\\Mastère Expert IT\\Mastère II\\Projets\\CC-AIBD-07-NodeJS-Mongoose-Individuel\\code\\src\\routes\\films.routes.js": {"path":"P:\\Perso\\Etudes\\Mastère Expert IT\\Mastère II\\Projets\\CC-AIBD-07-NodeJS-Mongoose-Individuel\\code\\src\\routes\\films.routes.js","statementMap":{"0":{"start":{"line":1,"column":16},"end":{"line":1,"column":34}},"1":{"start":{"line":2,"column":23},"end":{"line":2,"column":64}},"2":{"start":{"line":3,"column":15},"end":{"line":3,"column":59}},"3":{"start":{"line":5,"column":15},"end":{"line":5,"column":31}},"4":{"start":{"line":38,"column":0},"end":{"line":38,"column":65}},"5":{"start":{"line":58,"column":0},"end":{"line":58,"column":68}},"6":{"start":{"line":85,"column":0},"end":{"line":85,"column":65}},"7":{"start":{"line":116,"column":0},"end":{"line":116,"column":117}},"8":{"start":{"line":147,"column":0},"end":{"line":147,"column":67}},"9":{"start":{"line":167,"column":0},"end":{"line":167,"column":70}},"10":{"start":{"line":169,"column":0},"end":{"line":169,"column":24}}},"fnMap":{},"branchMap":{},"s":{"0":0,"1":0,"2":0,"3":0,"4":0,"5":0,"6":0,"7":0,"8":0,"9":0,"10":0},"f":{},"b":{}}
,"P:\\Perso\\Etudes\\Mastère Expert IT\\Mastère II\\Projets\\CC-AIBD-07-NodeJS-Mongoose-Individuel\\code\\src\\routes\\internautes.routes.js": {"path":"P:\\Perso\\Etudes\\Mastère Expert IT\\Mastère II\\Projets\\CC-AIBD-07-NodeJS-Mongoose-Individuel\\code\\src\\routes\\internautes.routes.js","statementMap":{"0":{"start":{"line":1,"column":16},"end":{"line":1,"column":34}},"1":{"start":{"line":2,"column":29},"end":{"line":2,"column":76}},"2":{"start":{"line":3,"column":17},"end":{"line":3,"column":58}},"3":{"start":{"line":5,"column":15},"end":{"line":5,"column":31}},"4":{"start":{"line":27,"column":0},"end":{"line":27,"column":83}},"5":{"start":{"line":47,"column":0},"end":{"line":47,"column":86}},"6":{"start":{"line":77,"column":0},"end":{"line":77,"column":91}},"7":{"start":{"line":98,"column":0},"end":{"line":98,"column":94}},"8":{"start":{"line":100,"column":0},"end":{"line":100,"column":24}}},"fnMap":{},"branchMap":{},"s":{"0":0,"1":0,"2":0,"3":0,"4":0,"5":0,"6":0,"7":0,"8":0},"f":{},"b":{}}
,"P:\\Perso\\Etudes\\Mastère Expert IT\\Mastère II\\Projets\\CC-AIBD-07-NodeJS-Mongoose-Individuel\\code\\src\\routes\\notes.routes.js": {"path":"P:\\Perso\\Etudes\\Mastère Expert IT\\Mastère II\\Projets\\CC-AIBD-07-NodeJS-Mongoose-Individuel\\code\\src\\routes\\notes.routes.js","statementMap":{"0":{"start":{"line":2,"column":16},"end":{"line":2,"column":34}},"1":{"start":{"line":3,"column":23},"end":{"line":3,"column":64}},"2":{"start":{"line":4,"column":17},"end":{"line":4,"column":58}},"3":{"start":{"line":6,"column":15},"end":{"line":6,"column":31}},"4":{"start":{"line":31,"column":0},"end":{"line":31,"column":65}},"5":{"start":{"line":49,"column":0},"end":{"line":49,"column":74}},"6":{"start":{"line":67,"column":0},"end":{"line":67,"column":86}},"7":{"start":{"line":94,"column":0},"end":{"line":94,"column":71}},"8":{"start":{"line":123,"column":0},"end":{"line":123,"column":73}},"9":{"start":{"line":143,"column":0},"end":{"line":143,"column":76}},"10":{"start":{"line":145,"column":0},"end":{"line":145,"column":24}}},"fnMap":{},"branchMap":{},"s":{"0":0,"1":0,"2":0,"3":0,"4":0,"5":0,"6":0,"7":0,"8":0,"9":0,"10":0},"f":{},"b":{}}
,"P:\\Perso\\Etudes\\Mastère Expert IT\\Mastère II\\Projets\\CC-AIBD-07-NodeJS-Mongoose-Individuel\\code\\src\\routes\\pays.routes.js": {"path":"P:\\Perso\\Etudes\\Mastère Expert IT\\Mastère II\\Projets\\CC-AIBD-07-NodeJS-Mongoose-Individuel\\code\\src\\routes\\pays.routes.js","statementMap":{"0":{"start":{"line":2,"column":16},"end":{"line":2,"column":34}},"1":{"start":{"line":3,"column":23},"end":{"line":3,"column":64}},"2":{"start":{"line":5,"column":15},"end":{"line":5,"column":31}},"3":{"start":{"line":17,"column":0},"end":{"line":17,"column":64}},"4":{"start":{"line":37,"column":0},"end":{"line":37,"column":75}},"5":{"start":{"line":62,"column":0},"end":{"line":62,"column":65}},"6":{"start":{"line":93,"column":0},"end":{"line":93,"column":69}},"7":{"start":{"line":113,"column":0},"end":{"line":113,"column":72}},"8":{"start":{"line":115,"column":0},"end":{"line":115,"column":24}}},"fnMap":{},"branchMap":{},"s":{"0":1,"1":1,"2":1,"3":1,"4":1,"5":1,"6":1,"7":1,"8":1},"f":{},"b":{},"_coverageSchema":"1a1c01bbd47fc00a2c39e90264f33305004495a9","hash":"95aea679028b21ab3e9be750193dd57aa48a3f14"}
,"P:\\Perso\\Etudes\\Mastère Expert IT\\Mastère II\\Projets\\CC-AIBD-07-NodeJS-Mongoose-Individuel\\code\\src\\services\\artiste.service.js": {"path":"P:\\Perso\\Etudes\\Mastère Expert IT\\Mastère II\\Projets\\CC-AIBD-07-NodeJS-Mongoose-Individuel\\code\\src\\services\\artiste.service.js","statementMap":{"0":{"start":{"line":1,"column":16},"end":{"line":1,"column":50}},"1":{"start":{"line":2,"column":13},"end":{"line":2,"column":44}},"2":{"start":{"line":3,"column":13},"end":{"line":3,"column":44}},"3":{"start":{"line":4,"column":19},"end":{"line":4,"column":48}},"4":{"start":{"line":5,"column":16},"end":{"line":5,"column":42}},"5":{"start":{"line":19,"column":17},"end":{"line":19,"column":35}},"6":{"start":{"line":21,"column":21},"end":{"line":24,"column":34}},"7":{"start":{"line":26,"column":18},"end":{"line":26,"column":55}},"8":{"start":{"line":28,"column":4},"end":{"line":36,"column":6}},"9":{"start":{"line":29,"column":40},"end":{"line":29,"column":65}},"10":{"start":{"line":45,"column":20},"end":{"line":45,"column":46}},"11":{"start":{"line":46,"column":4},"end":{"line":46,"column":30}},"12":{"start":{"line":46,"column":18},"end":{"line":46,"column":30}},"13":{"start":{"line":49,"column":26},"end":{"line":50,"column":42}},"14":{"start":{"line":53,"column":18},"end":{"line":60,"column":8}},"15":{"start":{"line":62,"column":4},"end":{"line":72,"column":6}},"16":{"start":{"line":65,"column":47},"end":{"line":65,"column":66}},"17":{"start":{"line":66,"column":34},"end":{"line":70,"column":9}},"18":{"start":{"line":81,"column":20},"end":{"line":81,"column":44}},"19":{"start":{"line":82,"column":4},"end":{"line":82,"column":25}},"20":{"start":{"line":83,"column":4},"end":{"line":83,"column":37}},"21":{"start":{"line":93,"column":20},"end":{"line":97,"column":5}},"22":{"start":{"line":98,"column":4},"end":{"line":98,"column":54}},"23":{"start":{"line":107,"column":4},"end":{"line":107,"column":41}},"24":{"start":{"line":111,"column":0},"end":{"line":111,"column":38}}},"fnMap":{"0":{"name":"(anonymous_0)","decl":{"start":{"line":18,"column":2},"end":{"line":18,"column":3}},"loc":{"start":{"line":18,"column":59},"end":{"line":37,"column":3}},"line":18},"1":{"name":"(anonymous_1)","decl":{"start":{"line":29,"column":29},"end":{"line":29,"column":30}},"loc":{"start":{"line":29,"column":40},"end":{"line":29,"column":65}},"line":29},"2":{"name":"(anonymous_2)","decl":{"start":{"line":44,"column":2},"end":{"line":44,"column":3}},"loc":{"start":{"line":44,"column":27},"end":{"line":73,"column":3}},"line":44},"3":{"name":"(anonymous_3)","decl":{"start":{"line":65,"column":39},"end":{"line":65,"column":40}},"loc":{"start":{"line":65,"column":47},"end":{"line":65,"column":66}},"line":65},"4":{"name":"(anonymous_4)","decl":{"start":{"line":66,"column":25},"end":{"line":66,"column":26}},"loc":{"start":{"line":66,"column":34},"end":{"line":70,"column":9}},"line":66},"5":{"name":"(anonymous_5)","decl":{"start":{"line":80,"column":2},"end":{"line":80,"column":3}},"loc":{"start":{"line":80,"column":35},"end":{"line":84,"column":3}},"line":80},"6":{"name":"(anonymous_6)","decl":{"start":{"line":92,"column":2},"end":{"line":92,"column":3}},"loc":{"start":{"line":92,"column":39},"end":{"line":99,"column":3}},"line":92},"7":{"name":"(anonymous_7)","decl":{"start":{"line":106,"column":2},"end":{"line":106,"column":3}},"loc":{"start":{"line":106,"column":26},"end":{"line":108,"column":3}},"line":106}},"branchMap":{"0":{"loc":{"start":{"line":18,"column":23},"end":{"line":18,"column":31}},"type":"default-arg","locations":[{"start":{"line":18,"column":30},"end":{"line":18,"column":31}}],"line":18},"1":{"loc":{"start":{"line":18,"column":33},"end":{"line":18,"column":43}},"type":"default-arg","locations":[{"start":{"line":18,"column":41},"end":{"line":18,"column":43}}],"line":18},"2":{"loc":{"start":{"line":18,"column":45},"end":{"line":18,"column":57}},"type":"default-arg","locations":[{"start":{"line":18,"column":55},"end":{"line":18,"column":57}}],"line":18},"3":{"loc":{"start":{"line":46,"column":4},"end":{"line":46,"column":30}},"type":"if","locations":[{"start":{"line":46,"column":4},"end":{"line":46,"column":30}},{"start":{},"end":{}}],"line":46},"4":{"loc":{"start":{"line":98,"column":11},"end":{"line":98,"column":53}},"type":"cond-expr","locations":[{"start":{"line":98,"column":21},"end":{"line":98,"column":46}},{"start":{"line":98,"column":49},"end":{"line":98,"column":53}}],"line":98}},"s":{"0":1,"1":1,"2":1,"3":1,"4":1,"5":4,"6":4,"7":4,"8":4,"9":6,"10":3,"11":3,"12":1,"13":2,"14":2,"15":2,"16":1,"17":1,"18":4,"19":4,"20":1,"21":3,"22":2,"23":2,"24":1},"f":{"0":4,"1":6,"2":3,"3":1,"4":1,"5":4,"6":3,"7":2},"b":{"0":[0],"1":[0],"2":[3],"3":[1,2],"4":[1,1]},"_coverageSchema":"1a1c01bbd47fc00a2c39e90264f33305004495a9","hash":"0b2492a528bbcb080a6513dce03f5562509de520"}
,"P:\\Perso\\Etudes\\Mastère Expert IT\\Mastère II\\Projets\\CC-AIBD-07-NodeJS-Mongoose-Individuel\\code\\src\\services\\auth.service.js": {"path":"P:\\Perso\\Etudes\\Mastère Expert IT\\Mastère II\\Projets\\CC-AIBD-07-NodeJS-Mongoose-Individuel\\code\\src\\services\\auth.service.js","statementMap":{"0":{"start":{"line":1,"column":12},"end":{"line":1,"column":35}},"1":{"start":{"line":2,"column":19},"end":{"line":2,"column":56}},"2":{"start":{"line":3,"column":22},"end":{"line":3,"column":54}},"3":{"start":{"line":18,"column":63},"end":{"line":18,"column":71}},"4":{"start":{"line":20,"column":31},"end":{"line":20,"column":66}},"5":{"start":{"line":21,"column":4},"end":{"line":23,"column":5}},"6":{"start":{"line":22,"column":6},"end":{"line":22,"column":52}},"7":{"start":{"line":25,"column":23},"end":{"line":25,"column":89}},"8":{"start":{"line":26,"column":4},"end":{"line":26,"column":28}},"9":{"start":{"line":29,"column":18},"end":{"line":29,"column":52}},"10":{"start":{"line":30,"column":4},"end":{"line":30,"column":66}},"11":{"start":{"line":41,"column":23},"end":{"line":41,"column":58}},"12":{"start":{"line":42,"column":4},"end":{"line":44,"column":5}},"13":{"start":{"line":43,"column":6},"end":{"line":43,"column":48}},"14":{"start":{"line":46,"column":20},"end":{"line":46,"column":64}},"15":{"start":{"line":47,"column":4},"end":{"line":49,"column":5}},"16":{"start":{"line":48,"column":6},"end":{"line":48,"column":48}},"17":{"start":{"line":51,"column":18},"end":{"line":51,"column":52}},"18":{"start":{"line":52,"column":4},"end":{"line":52,"column":66}},"19":{"start":{"line":61,"column":4},"end":{"line":61,"column":81}},"20":{"start":{"line":70,"column":23},"end":{"line":70,"column":56}},"21":{"start":{"line":71,"column":4},"end":{"line":71,"column":63}},"22":{"start":{"line":75,"column":0},"end":{"line":75,"column":35}}},"fnMap":{"0":{"name":"(anonymous_0)","decl":{"start":{"line":17,"column":2},"end":{"line":17,"column":3}},"loc":{"start":{"line":17,"column":27},"end":{"line":31,"column":3}},"line":17},"1":{"name":"(anonymous_1)","decl":{"start":{"line":40,"column":2},"end":{"line":40,"column":3}},"loc":{"start":{"line":40,"column":33},"end":{"line":53,"column":3}},"line":40},"2":{"name":"(anonymous_2)","decl":{"start":{"line":60,"column":2},"end":{"line":60,"column":3}},"loc":{"start":{"line":60,"column":24},"end":{"line":62,"column":3}},"line":60},"3":{"name":"(anonymous_3)","decl":{"start":{"line":69,"column":2},"end":{"line":69,"column":3}},"loc":{"start":{"line":69,"column":27},"end":{"line":72,"column":3}},"line":69}},"branchMap":{"0":{"loc":{"start":{"line":21,"column":4},"end":{"line":23,"column":5}},"type":"if","locations":[{"start":{"line":21,"column":4},"end":{"line":23,"column":5}},{"start":{},"end":{}}],"line":21},"1":{"loc":{"start":{"line":42,"column":4},"end":{"line":44,"column":5}},"type":"if","locations":[{"start":{"line":42,"column":4},"end":{"line":44,"column":5}},{"start":{},"end":{}}],"line":42},"2":{"loc":{"start":{"line":47,"column":4},"end":{"line":49,"column":5}},"type":"if","locations":[{"start":{"line":47,"column":4},"end":{"line":49,"column":5}},{"start":{},"end":{}}],"line":47},"3":{"loc":{"start":{"line":71,"column":11},"end":{"line":71,"column":62}},"type":"cond-expr","locations":[{"start":{"line":71,"column":24},"end":{"line":71,"column":55}},{"start":{"line":71,"column":58},"end":{"line":71,"column":62}}],"line":71}},"s":{"0":2,"1":2,"2":2,"3":6,"4":6,"5":6,"6":2,"7":4,"8":4,"9":3,"10":3,"11":6,"12":6,"13":2,"14":4,"15":4,"16":2,"17":2,"18":2,"19":6,"20":0,"21":0,"22":2},"f":{"0":6,"1":6,"2":6,"3":0},"b":{"0":[2,4],"1":[2,4],"2":[2,2],"3":[0,0]},"_coverageSchema":"1a1c01bbd47fc00a2c39e90264f33305004495a9","hash":"8898b10948b0befaed48bfc30d21a1e3021323f9"}
,"P:\\Perso\\Etudes\\Mastère Expert IT\\Mastère II\\Projets\\CC-AIBD-07-NodeJS-Mongoose-Individuel\\code\\src\\services\\film.service.js": {"path":"P:\\Perso\\Etudes\\Mastère Expert IT\\Mastère II\\Projets\\CC-AIBD-07-NodeJS-Mongoose-Individuel\\code\\src\\services\\film.service.js","statementMap":{"0":{"start":{"line":1,"column":13},"end":{"line":1,"column":44}},"1":{"start":{"line":2,"column":16},"end":{"line":2,"column":42}},"2":{"start":{"line":16,"column":17},"end":{"line":16,"column":35}},"3":{"start":{"line":18,"column":18},"end":{"line":23,"column":26}},"4":{"start":{"line":25,"column":18},"end":{"line":25,"column":52}},"5":{"start":{"line":27,"column":4},"end":{"line":35,"column":6}},"6":{"start":{"line":28,"column":31},"end":{"line":28,"column":50}},"7":{"start":{"line":44,"column":17},"end":{"line":46,"column":42}},"8":{"start":{"line":48,"column":4},"end":{"line":48,"column":27}},"9":{"start":{"line":48,"column":15},"end":{"line":48,"column":27}},"10":{"start":{"line":50,"column":4},"end":{"line":50,"column":31}},"11":{"start":{"line":59,"column":17},"end":{"line":59,"column":35}},"12":{"start":{"line":60,"column":4},"end":{"line":60,"column":22}},"13":{"start":{"line":61,"column":4},"end":{"line":64,"column":7}},"14":{"start":{"line":65,"column":4},"end":{"line":65,"column":31}},"15":{"start":{"line":75,"column":17},"end":{"line":82,"column":6}},"16":{"start":{"line":83,"column":4},"end":{"line":83,"column":45}},"17":{"start":{"line":92,"column":4},"end":{"line":92,"column":38}},"18":{"start":{"line":96,"column":0},"end":{"line":96,"column":35}}},"fnMap":{"0":{"name":"(anonymous_0)","decl":{"start":{"line":15,"column":2},"end":{"line":15,"column":3}},"loc":{"start":{"line":15,"column":56},"end":{"line":36,"column":3}},"line":15},"1":{"name":"(anonymous_1)","decl":{"start":{"line":28,"column":23},"end":{"line":28,"column":24}},"loc":{"start":{"line":28,"column":31},"end":{"line":28,"column":50}},"line":28},"2":{"name":"(anonymous_2)","decl":{"start":{"line":43,"column":2},"end":{"line":43,"column":3}},"loc":{"start":{"line":43,"column":24},"end":{"line":51,"column":3}},"line":43},"3":{"name":"(anonymous_3)","decl":{"start":{"line":58,"column":2},"end":{"line":58,"column":3}},"loc":{"start":{"line":58,"column":29},"end":{"line":66,"column":3}},"line":58},"4":{"name":"(anonymous_4)","decl":{"start":{"line":74,"column":2},"end":{"line":74,"column":3}},"loc":{"start":{"line":74,"column":33},"end":{"line":84,"column":3}},"line":74},"5":{"name":"(anonymous_5)","decl":{"start":{"line":91,"column":2},"end":{"line":91,"column":3}},"loc":{"start":{"line":91,"column":23},"end":{"line":93,"column":3}},"line":91}},"branchMap":{"0":{"loc":{"start":{"line":15,"column":20},"end":{"line":15,"column":28}},"type":"default-arg","locations":[{"start":{"line":15,"column":27},"end":{"line":15,"column":28}}],"line":15},"1":{"loc":{"start":{"line":15,"column":30},"end":{"line":15,"column":40}},"type":"default-arg","locations":[{"start":{"line":15,"column":38},"end":{"line":15,"column":40}}],"line":15},"2":{"loc":{"start":{"line":15,"column":42},"end":{"line":15,"column":54}},"type":"default-arg","locations":[{"start":{"line":15,"column":52},"end":{"line":15,"column":54}}],"line":15},"3":{"loc":{"start":{"line":48,"column":4},"end":{"line":48,"column":27}},"type":"if","locations":[{"start":{"line":48,"column":4},"end":{"line":48,"column":27}},{"start":{},"end":{}}],"line":48},"4":{"loc":{"start":{"line":83,"column":11},"end":{"line":83,"column":44}},"type":"cond-expr","locations":[{"start":{"line":83,"column":18},"end":{"line":83,"column":37}},{"start":{"line":83,"column":40},"end":{"line":83,"column":44}}],"line":83}},"s":{"0":1,"1":1,"2":3,"3":3,"4":3,"5":3,"6":6,"7":2,"8":2,"9":1,"10":1,"11":4,"12":4,"13":1,"14":1,"15":3,"16":2,"17":2,"18":1},"f":{"0":3,"1":6,"2":2,"3":4,"4":3,"5":2},"b":{"0":[0],"1":[0],"2":[2],"3":[1,1],"4":[1,1]},"_coverageSchema":"1a1c01bbd47fc00a2c39e90264f33305004495a9","hash":"5c5f9e90f064ae6449dd230c3921baac6fde5cff"}
,"P:\\Perso\\Etudes\\Mastère Expert IT\\Mastère II\\Projets\\CC-AIBD-07-NodeJS-Mongoose-Individuel\\code\\src\\services\\internaute.service.js": {"path":"P:\\Perso\\Etudes\\Mastère Expert IT\\Mastère II\\Projets\\CC-AIBD-07-NodeJS-Mongoose-Individuel\\code\\src\\services\\internaute.service.js","statementMap":{"0":{"start":{"line":1,"column":19},"end":{"line":1,"column":56}},"1":{"start":{"line":2,"column":22},"end":{"line":2,"column":54}},"2":{"start":{"line":15,"column":17},"end":{"line":15,"column":35}},"3":{"start":{"line":17,"column":24},"end":{"line":20,"column":30}},"4":{"start":{"line":22,"column":18},"end":{"line":22,"column":51}},"5":{"start":{"line":24,"column":4},"end":{"line":32,"column":6}},"6":{"start":{"line":25,"column":49},"end":{"line":25,"column":80}},"7":{"start":{"line":41,"column":23},"end":{"line":41,"column":52}},"8":{"start":{"line":42,"column":4},"end":{"line":42,"column":63}},"9":{"start":{"line":52,"column":23},"end":{"line":56,"column":5}},"10":{"start":{"line":57,"column":4},"end":{"line":57,"column":63}},"11":{"start":{"line":66,"column":23},"end":{"line":66,"column":61}},"12":{"start":{"line":67,"column":4},"end":{"line":67,"column":63}},"13":{"start":{"line":71,"column":0},"end":{"line":71,"column":41}}},"fnMap":{"0":{"name":"(anonymous_0)","decl":{"start":{"line":14,"column":2},"end":{"line":14,"column":3}},"loc":{"start":{"line":14,"column":48},"end":{"line":33,"column":3}},"line":14},"1":{"name":"(anonymous_1)","decl":{"start":{"line":25,"column":35},"end":{"line":25,"column":36}},"loc":{"start":{"line":25,"column":49},"end":{"line":25,"column":80}},"line":25},"2":{"name":"(anonymous_2)","decl":{"start":{"line":40,"column":2},"end":{"line":40,"column":3}},"loc":{"start":{"line":40,"column":30},"end":{"line":43,"column":3}},"line":40},"3":{"name":"(anonymous_3)","decl":{"start":{"line":51,"column":2},"end":{"line":51,"column":3}},"loc":{"start":{"line":51,"column":41},"end":{"line":58,"column":3}},"line":51},"4":{"name":"(anonymous_4)","decl":{"start":{"line":65,"column":2},"end":{"line":65,"column":3}},"loc":{"start":{"line":65,"column":29},"end":{"line":68,"column":3}},"line":65}},"branchMap":{"0":{"loc":{"start":{"line":14,"column":26},"end":{"line":14,"column":34}},"type":"default-arg","locations":[{"start":{"line":14,"column":33},"end":{"line":14,"column":34}}],"line":14},"1":{"loc":{"start":{"line":14,"column":36},"end":{"line":14,"column":46}},"type":"default-arg","locations":[{"start":{"line":14,"column":44},"end":{"line":14,"column":46}}],"line":14},"2":{"loc":{"start":{"line":42,"column":11},"end":{"line":42,"column":62}},"type":"cond-expr","locations":[{"start":{"line":42,"column":24},"end":{"line":42,"column":55}},{"start":{"line":42,"column":58},"end":{"line":42,"column":62}}],"line":42},"3":{"loc":{"start":{"line":57,"column":11},"end":{"line":57,"column":62}},"type":"cond-expr","locations":[{"start":{"line":57,"column":24},"end":{"line":57,"column":55}},{"start":{"line":57,"column":58},"end":{"line":57,"column":62}}],"line":57},"4":{"loc":{"start":{"line":67,"column":11},"end":{"line":67,"column":62}},"type":"cond-expr","locations":[{"start":{"line":67,"column":24},"end":{"line":67,"column":55}},{"start":{"line":67,"column":58},"end":{"line":67,"column":62}}],"line":67}},"s":{"0":0,"1":0,"2":0,"3":0,"4":0,"5":0,"6":0,"7":0,"8":0,"9":0,"10":0,"11":0,"12":0,"13":0},"f":{"0":0,"1":0,"2":0,"3":0,"4":0},"b":{"0":[0],"1":[0],"2":[0,0],"3":[0,0],"4":[0,0]}}
,"P:\\Perso\\Etudes\\Mastère Expert IT\\Mastère II\\Projets\\CC-AIBD-07-NodeJS-Mongoose-Individuel\\code\\src\\services\\note.service.js": {"path":"P:\\Perso\\Etudes\\Mastère Expert IT\\Mastère II\\Projets\\CC-AIBD-07-NodeJS-Mongoose-Individuel\\code\\src\\services\\note.service.js","statementMap":{"0":{"start":{"line":1,"column":13},"end":{"line":1,"column":44}},"1":{"start":{"line":2,"column":16},"end":{"line":2,"column":42}},"2":{"start":{"line":16,"column":17},"end":{"line":16,"column":35}},"3":{"start":{"line":18,"column":18},"end":{"line":23,"column":30}},"4":{"start":{"line":25,"column":18},"end":{"line":25,"column":52}},"5":{"start":{"line":27,"column":4},"end":{"line":35,"column":6}},"6":{"start":{"line":28,"column":33},"end":{"line":28,"column":52}},"7":{"start":{"line":44,"column":18},"end":{"line":46,"column":30}},"8":{"start":{"line":47,"column":4},"end":{"line":47,"column":52}},"9":{"start":{"line":47,"column":31},"end":{"line":47,"column":50}},"10":{"start":{"line":51,"column":18},"end":{"line":53,"column":30}},"11":{"start":{"line":56,"column":6},"end":{"line":61,"column":14}},"12":{"start":{"line":58,"column":41},"end":{"line":58,"column":56}},"13":{"start":{"line":63,"column":4},"end":{"line":67,"column":6}},"14":{"start":{"line":64,"column":33},"end":{"line":64,"column":52}},"15":{"start":{"line":77,"column":25},"end":{"line":80,"column":6}},"16":{"start":{"line":82,"column":4},"end":{"line":84,"column":5}},"17":{"start":{"line":83,"column":6},"end":{"line":83,"column":53}},"18":{"start":{"line":86,"column":25},"end":{"line":89,"column":6}},"19":{"start":{"line":91,"column":4},"end":{"line":91,"column":30}},"20":{"start":{"line":92,"column":4},"end":{"line":95,"column":7}},"21":{"start":{"line":96,"column":4},"end":{"line":96,"column":39}},"22":{"start":{"line":108,"column":26},"end":{"line":108,"column":53}},"23":{"start":{"line":110,"column":4},"end":{"line":112,"column":5}},"24":{"start":{"line":111,"column":6},"end":{"line":111,"column":42}},"25":{"start":{"line":114,"column":4},"end":{"line":116,"column":5}},"26":{"start":{"line":115,"column":6},"end":{"line":115,"column":38}},"27":{"start":{"line":118,"column":24},"end":{"line":124,"column":6}},"28":{"start":{"line":125,"column":4},"end":{"line":125,"column":38}},"29":{"start":{"line":136,"column":17},"end":{"line":136,"column":44}},"30":{"start":{"line":138,"column":4},"end":{"line":140,"column":5}},"31":{"start":{"line":139,"column":6},"end":{"line":139,"column":42}},"32":{"start":{"line":142,"column":4},"end":{"line":144,"column":5}},"33":{"start":{"line":143,"column":6},"end":{"line":143,"column":38}},"34":{"start":{"line":146,"column":4},"end":{"line":146,"column":42}},"35":{"start":{"line":150,"column":0},"end":{"line":150,"column":35}}},"fnMap":{"0":{"name":"(anonymous_0)","decl":{"start":{"line":15,"column":2},"end":{"line":15,"column":3}},"loc":{"start":{"line":15,"column":56},"end":{"line":36,"column":3}},"line":15},"1":{"name":"(anonymous_1)","decl":{"start":{"line":28,"column":23},"end":{"line":28,"column":24}},"loc":{"start":{"line":28,"column":33},"end":{"line":28,"column":52}},"line":28},"2":{"name":"(anonymous_2)","decl":{"start":{"line":43,"column":2},"end":{"line":43,"column":3}},"loc":{"start":{"line":43,"column":41},"end":{"line":48,"column":3}},"line":43},"3":{"name":"(anonymous_3)","decl":{"start":{"line":47,"column":21},"end":{"line":47,"column":22}},"loc":{"start":{"line":47,"column":31},"end":{"line":47,"column":50}},"line":47},"4":{"name":"(anonymous_4)","decl":{"start":{"line":50,"column":2},"end":{"line":50,"column":3}},"loc":{"start":{"line":50,"column":29},"end":{"line":68,"column":3}},"line":50},"5":{"name":"(anonymous_5)","decl":{"start":{"line":58,"column":26},"end":{"line":58,"column":27}},"loc":{"start":{"line":58,"column":41},"end":{"line":58,"column":56}},"line":58},"6":{"name":"(anonymous_6)","decl":{"start":{"line":64,"column":23},"end":{"line":64,"column":24}},"loc":{"start":{"line":64,"column":33},"end":{"line":64,"column":52}},"line":64},"7":{"name":"(anonymous_7)","decl":{"start":{"line":76,"column":2},"end":{"line":76,"column":3}},"loc":{"start":{"line":76,"column":43},"end":{"line":97,"column":3}},"line":76},"8":{"name":"(anonymous_8)","decl":{"start":{"line":107,"column":2},"end":{"line":107,"column":3}},"loc":{"start":{"line":107,"column":53},"end":{"line":126,"column":3}},"line":107},"9":{"name":"(anonymous_9)","decl":{"start":{"line":135,"column":2},"end":{"line":135,"column":3}},"loc":{"start":{"line":135,"column":41},"end":{"line":147,"column":3}},"line":135}},"branchMap":{"0":{"loc":{"start":{"line":15,"column":20},"end":{"line":15,"column":28}},"type":"default-arg","locations":[{"start":{"line":15,"column":27},"end":{"line":15,"column":28}}],"line":15},"1":{"loc":{"start":{"line":15,"column":30},"end":{"line":15,"column":40}},"type":"default-arg","locations":[{"start":{"line":15,"column":38},"end":{"line":15,"column":40}}],"line":15},"2":{"loc":{"start":{"line":15,"column":42},"end":{"line":15,"column":54}},"type":"default-arg","locations":[{"start":{"line":15,"column":52},"end":{"line":15,"column":54}}],"line":15},"3":{"loc":{"start":{"line":56,"column":6},"end":{"line":61,"column":14}},"type":"cond-expr","locations":[{"start":{"line":57,"column":10},"end":{"line":60,"column":16}},{"start":{"line":61,"column":10},"end":{"line":61,"column":14}}],"line":56},"4":{"loc":{"start":{"line":82,"column":4},"end":{"line":84,"column":5}},"type":"if","locations":[{"start":{"line":82,"column":4},"end":{"line":84,"column":5}},{"start":{},"end":{}}],"line":82},"5":{"loc":{"start":{"line":110,"column":4},"end":{"line":112,"column":5}},"type":"if","locations":[{"start":{"line":110,"column":4},"end":{"line":112,"column":5}},{"start":{},"end":{}}],"line":110},"6":{"loc":{"start":{"line":114,"column":4},"end":{"line":116,"column":5}},"type":"if","locations":[{"start":{"line":114,"column":4},"end":{"line":116,"column":5}},{"start":{},"end":{}}],"line":114},"7":{"loc":{"start":{"line":138,"column":4},"end":{"line":140,"column":5}},"type":"if","locations":[{"start":{"line":138,"column":4},"end":{"line":140,"column":5}},{"start":{},"end":{}}],"line":138},"8":{"loc":{"start":{"line":142,"column":4},"end":{"line":144,"column":5}},"type":"if","locations":[{"start":{"line":142,"column":4},"end":{"line":144,"column":5}},{"start":{},"end":{}}],"line":142}},"s":{"0":1,"1":1,"2":3,"3":3,"4":3,"5":3,"6":6,"7":2,"8":2,"9":2,"10":2,"11":2,"12":2,"13":2,"14":2,"15":4,"16":4,"17":1,"18":3,"19":3,"20":3,"21":3,"22":3,"23":3,"24":1,"25":2,"26":1,"27":1,"28":1,"29":3,"30":3,"31":1,"32":2,"33":1,"34":1,"35":1},"f":{"0":3,"1":6,"2":2,"3":2,"4":2,"5":2,"6":2,"7":4,"8":3,"9":3},"b":{"0":[0],"1":[0],"2":[2],"3":[1,1],"4":[1,3],"5":[1,2],"6":[1,1],"7":[1,2],"8":[1,1]},"_coverageSchema":"1a1c01bbd47fc00a2c39e90264f33305004495a9","hash":"504ec158a522484abdf2223086f64ca25a30c2c7"}
,"P:\\Perso\\Etudes\\Mastère Expert IT\\Mastère II\\Projets\\CC-AIBD-07-NodeJS-Mongoose-Individuel\\code\\src\\services\\pays.service.js": {"path":"P:\\Perso\\Etudes\\Mastère Expert IT\\Mastère II\\Projets\\CC-AIBD-07-NodeJS-Mongoose-Individuel\\code\\src\\services\\pays.service.js","statementMap":{"0":{"start":{"line":1,"column":13},"end":{"line":1,"column":44}},"1":{"start":{"line":2,"column":13},"end":{"line":2,"column":44}},"2":{"start":{"line":3,"column":16},"end":{"line":3,"column":42}},"3":{"start":{"line":4,"column":16},"end":{"line":4,"column":42}},"4":{"start":{"line":15,"column":17},"end":{"line":15,"column":53}},"5":{"start":{"line":16,"column":4},"end":{"line":16,"column":43}},"6":{"start":{"line":16,"column":25},"end":{"line":16,"column":41}},"7":{"start":{"line":25,"column":17},"end":{"line":25,"column":65}},"8":{"start":{"line":26,"column":4},"end":{"line":26,"column":27}},"9":{"start":{"line":26,"column":15},"end":{"line":26,"column":27}},"10":{"start":{"line":28,"column":18},"end":{"line":31,"column":26}},"11":{"start":{"line":33,"column":4},"end":{"line":36,"column":6}},"12":{"start":{"line":35,"column":31},"end":{"line":35,"column":50}},"13":{"start":{"line":45,"column":17},"end":{"line":45,"column":35}},"14":{"start":{"line":46,"column":4},"end":{"line":46,"column":22}},"15":{"start":{"line":47,"column":4},"end":{"line":47,"column":31}},"16":{"start":{"line":57,"column":17},"end":{"line":61,"column":5}},"17":{"start":{"line":62,"column":4},"end":{"line":62,"column":45}},"18":{"start":{"line":71,"column":4},"end":{"line":71,"column":63}},"19":{"start":{"line":75,"column":0},"end":{"line":75,"column":35}}},"fnMap":{"0":{"name":"(anonymous_0)","decl":{"start":{"line":14,"column":2},"end":{"line":14,"column":3}},"loc":{"start":{"line":14,"column":21},"end":{"line":17,"column":3}},"line":14},"1":{"name":"(anonymous_1)","decl":{"start":{"line":16,"column":20},"end":{"line":16,"column":21}},"loc":{"start":{"line":16,"column":25},"end":{"line":16,"column":41}},"line":16},"2":{"name":"(anonymous_2)","decl":{"start":{"line":24,"column":2},"end":{"line":24,"column":3}},"loc":{"start":{"line":24,"column":31},"end":{"line":37,"column":3}},"line":24},"3":{"name":"(anonymous_3)","decl":{"start":{"line":35,"column":23},"end":{"line":35,"column":24}},"loc":{"start":{"line":35,"column":31},"end":{"line":35,"column":50}},"line":35},"4":{"name":"(anonymous_4)","decl":{"start":{"line":44,"column":2},"end":{"line":44,"column":3}},"loc":{"start":{"line":44,"column":29},"end":{"line":48,"column":3}},"line":44},"5":{"name":"(anonymous_5)","decl":{"start":{"line":56,"column":2},"end":{"line":56,"column":3}},"loc":{"start":{"line":56,"column":35},"end":{"line":63,"column":3}},"line":56},"6":{"name":"(anonymous_6)","decl":{"start":{"line":70,"column":2},"end":{"line":70,"column":3}},"loc":{"start":{"line":70,"column":25},"end":{"line":72,"column":3}},"line":70}},"branchMap":{"0":{"loc":{"start":{"line":26,"column":4},"end":{"line":26,"column":27}},"type":"if","locations":[{"start":{"line":26,"column":4},"end":{"line":26,"column":27}},{"start":{},"end":{}}],"line":26},"1":{"loc":{"start":{"line":62,"column":11},"end":{"line":62,"column":44}},"type":"cond-expr","locations":[{"start":{"line":62,"column":18},"end":{"line":62,"column":37}},{"start":{"line":62,"column":40},"end":{"line":62,"column":44}}],"line":62}},"s":{"0":2,"1":2,"2":2,"3":2,"4":4,"5":4,"6":5,"7":4,"8":4,"9":2,"10":2,"11":2,"12":0,"13":5,"14":5,"15":2,"16":5,"17":5,"18":2,"19":2},"f":{"0":4,"1":5,"2":4,"3":0,"4":5,"5":5,"6":2},"b":{"0":[2,2],"1":[3,2]},"_coverageSchema":"1a1c01bbd47fc00a2c39e90264f33305004495a9","hash":"41cab1463d788293d0fe2dda4deabb2148079aca"}
}
