TN:
SF:src\controllers\artiste.controller.js
FN:13,(anonymous_0)
FN:35,(anonymous_1)
FN:53,(anonymous_2)
FN:71,(anonymous_3)
FN:92,(anonymous_4)
FNF:5
FNH:0
FNDA:0,(anonymous_0)
FNDA:0,(anonymous_1)
FNDA:0,(anonymous_2)
FNDA:0,(anonymous_3)
FNDA:0,(anonymous_4)
DA:1,0
DA:14,0
DA:15,0
DA:16,0
DA:18,0
DA:19,0
DA:20,0
DA:22,0
DA:23,0
DA:25,0
DA:36,0
DA:37,0
DA:38,0
DA:39,0
DA:41,0
DA:43,0
DA:54,0
DA:55,0
DA:56,0
DA:61,0
DA:72,0
DA:73,0
DA:74,0
DA:75,0
DA:77,0
DA:82,0
DA:93,0
DA:94,0
DA:95,0
DA:96,0
DA:98,0
DA:100,0
DA:105,0
LF:33
LH:0
BRDA:15,0,0,0
BRDA:15,0,1,0
BRDA:16,1,0,0
BRDA:16,1,1,0
BRDA:19,2,0,0
BRDA:19,2,1,0
BRDA:20,3,0,0
BRDA:20,3,1,0
BRDA:38,4,0,0
BRDA:38,4,1,0
BRDA:74,5,0,0
BRDA:74,5,1,0
BRDA:95,6,0,0
BRDA:95,6,1,0
BRF:14
BRH:0
end_of_record
TN:
SF:src\controllers\auth.controller.js
FN:14,(anonymous_0)
FN:42,(anonymous_1)
FN:70,(anonymous_2)
FNF:3
FNH:2
FNDA:3,(anonymous_0)
FNDA:4,(anonymous_1)
FNDA:0,(anonymous_2)
DA:1,1
DA:2,1
DA:15,3
DA:16,3
DA:17,3
DA:18,1
DA:21,2
DA:23,1
DA:29,1
DA:30,1
DA:32,0
DA:43,4
DA:44,4
DA:45,4
DA:46,1
DA:49,3
DA:50,3
DA:52,1
DA:58,2
DA:59,2
DA:61,0
DA:71,0
DA:75,1
LF:23
LH:20
BRDA:17,0,0,1
BRDA:17,0,1,2
BRDA:29,1,0,1
BRDA:29,1,1,0
BRDA:45,2,0,1
BRDA:45,2,1,3
BRDA:58,3,0,2
BRDA:58,3,1,0
BRF:8
BRH:6
end_of_record
TN:
SF:src\controllers\film.controller.js
FN:13,(anonymous_0)
FN:37,(anonymous_1)
FN:55,(anonymous_2)
FN:74,(anonymous_3)
FN:104,(anonymous_4)
FN:125,(anonymous_5)
FNF:6
FNH:0
FNDA:0,(anonymous_0)
FNDA:0,(anonymous_1)
FNDA:0,(anonymous_2)
FNDA:0,(anonymous_3)
FNDA:0,(anonymous_4)
FNDA:0,(anonymous_5)
DA:1,0
DA:14,0
DA:15,0
DA:16,0
DA:18,0
DA:19,0
DA:20,0
DA:21,0
DA:22,0
DA:24,0
DA:25,0
DA:27,0
DA:38,0
DA:39,0
DA:40,0
DA:41,0
DA:43,0
DA:45,0
DA:56,0
DA:57,0
DA:58,0
DA:63,0
DA:75,0
DA:76,0
DA:77,0
DA:80,0
DA:81,0
DA:83,0
DA:85,0
DA:86,0
DA:89,0
DA:94,0
DA:105,0
DA:106,0
DA:107,0
DA:108,0
DA:110,0
DA:115,0
DA:126,0
DA:127,0
DA:128,0
DA:129,0
DA:131,0
DA:133,0
DA:138,0
LF:45
LH:0
BRDA:15,0,0,0
BRDA:15,0,1,0
BRDA:16,1,0,0
BRDA:16,1,1,0
BRDA:19,2,0,0
BRDA:19,2,1,0
BRDA:20,3,0,0
BRDA:20,3,1,0
BRDA:21,4,0,0
BRDA:21,4,1,0
BRDA:22,5,0,0
BRDA:22,5,1,0
BRDA:40,6,0,0
BRDA:40,6,1,0
BRDA:76,7,0,0
BRDA:76,7,1,0
BRDA:85,8,0,0
BRDA:85,8,1,0
BRDA:107,9,0,0
BRDA:107,9,1,0
BRDA:128,10,0,0
BRDA:128,10,1,0
BRF:22
BRH:0
end_of_record
TN:
SF:src\controllers\internaute.controller.js
FN:13,(anonymous_0)
FN:31,(anonymous_1)
FN:49,(anonymous_2)
FN:79,(anonymous_3)
FNF:4
FNH:0
FNDA:0,(anonymous_0)
FNDA:0,(anonymous_1)
FNDA:0,(anonymous_2)
FNDA:0,(anonymous_3)
DA:1,0
DA:14,0
DA:15,0
DA:16,0
DA:18,0
DA:19,0
DA:21,0
DA:32,0
DA:33,0
DA:34,0
DA:35,0
DA:37,0
DA:39,0
DA:50,0
DA:51,0
DA:52,0
DA:54,0
DA:55,0
DA:58,0
DA:63,0
DA:64,0
DA:67,0
DA:69,0
DA:80,0
DA:81,0
DA:83,0
DA:84,0
DA:87,0
DA:88,0
DA:89,0
DA:91,0
DA:93,0
DA:98,0
LF:33
LH:0
BRDA:15,0,0,0
BRDA:15,0,1,0
BRDA:16,1,0,0
BRDA:16,1,1,0
BRDA:34,2,0,0
BRDA:34,2,1,0
BRDA:54,3,0,0
BRDA:54,3,1,0
BRDA:63,4,0,0
BRDA:63,4,1,0
BRDA:83,5,0,0
BRDA:83,5,1,0
BRDA:88,6,0,0
BRDA:88,6,1,0
BRF:14
BRH:0
end_of_record
TN:
SF:src\controllers\note.controller.js
FN:13,(anonymous_0)
FN:35,(anonymous_1)
FN:50,(anonymous_2)
FN:65,(anonymous_3)
FN:88,(anonymous_4)
FN:117,(anonymous_5)
FNF:6
FNH:0
FNDA:0,(anonymous_0)
FNDA:0,(anonymous_1)
FNDA:0,(anonymous_2)
FNDA:0,(anonymous_3)
FNDA:0,(anonymous_4)
FNDA:0,(anonymous_5)
DA:1,0
DA:14,0
DA:15,0
DA:16,0
DA:18,0
DA:19,0
DA:20,0
DA:22,0
DA:23,0
DA:25,0
DA:36,0
DA:37,0
DA:38,0
DA:40,0
DA:51,0
DA:52,0
DA:53,0
DA:55,0
DA:66,0
DA:67,0
DA:68,0
DA:70,0
DA:75,0
DA:76,0
DA:78,0
DA:89,0
DA:90,0
DA:96,0
DA:101,0
DA:102,0
DA:104,0
DA:105,0
DA:107,0
DA:118,0
DA:119,0
DA:120,0
DA:122,0
DA:123,0
DA:125,0
DA:126,0
DA:128,0
DA:133,0
LF:42
LH:0
BRDA:15,0,0,0
BRDA:15,0,1,0
BRDA:16,1,0,0
BRDA:16,1,1,0
BRDA:19,2,0,0
BRDA:19,2,1,0
BRDA:20,3,0,0
BRDA:20,3,1,0
BRDA:75,4,0,0
BRDA:75,4,1,0
BRDA:101,5,0,0
BRDA:101,5,1,0
BRDA:104,6,0,0
BRDA:104,6,1,0
BRDA:122,7,0,0
BRDA:122,7,1,0
BRDA:125,8,0,0
BRDA:125,8,1,0
BRF:18
BRH:0
end_of_record
TN:
SF:src\controllers\pays.controller.js
FN:13,(anonymous_0)
FN:28,(anonymous_1)
FN:46,(anonymous_2)
FN:65,(anonymous_3)
FN:86,(anonymous_4)
FNF:5
FNH:4
FNDA:2,(anonymous_0)
FNDA:2,(anonymous_1)
FNDA:2,(anonymous_2)
FNDA:2,(anonymous_3)
FNDA:0,(anonymous_4)
DA:1,1
DA:14,2
DA:15,2
DA:16,2
DA:18,0
DA:29,2
DA:30,2
DA:31,2
DA:32,1
DA:34,1
DA:36,0
DA:47,2
DA:48,2
DA:49,1
DA:54,1
DA:55,1
DA:66,2
DA:67,2
DA:68,2
DA:69,1
DA:71,1
DA:76,0
DA:87,0
DA:88,0
DA:89,0
DA:90,0
DA:92,0
DA:94,0
DA:99,1
LF:29
LH:20
BRDA:31,0,0,1
BRDA:31,0,1,1
BRDA:68,1,0,1
BRDA:68,1,1,1
BRDA:89,2,0,0
BRDA:89,2,1,0
BRF:6
BRH:4
end_of_record
TN:
SF:src\dto\artiste.dto.js
FN:2,(anonymous_0)
FNF:1
FNH:1
FNDA:10,(anonymous_0)
DA:3,10
DA:12,1
LF:2
LH:2
BRF:0
BRH:0
end_of_record
TN:
SF:src\dto\film.dto.js
FN:2,(anonymous_0)
FN:15,(anonymous_1)
FNF:2
FNH:1
FNDA:11,(anonymous_0)
FNDA:0,(anonymous_1)
DA:3,11
DA:15,0
DA:35,4
LF:3
LH:2
BRDA:9,0,0,4
BRDA:9,0,1,7
BRDA:15,1,0,11
BRDA:15,1,1,0
BRDA:25,2,0,11
BRDA:25,2,1,0
BRF:6
BRH:4
end_of_record
TN:
SF:src\dto\internaute.dto.js
FN:2,(anonymous_0)
FNF:1
FNH:1
FNDA:5,(anonymous_0)
DA:3,5
DA:14,2
LF:2
LH:2
BRF:0
BRH:0
end_of_record
TN:
SF:src\dto\note.dto.js
FN:2,(anonymous_0)
FNF:1
FNH:1
FNDA:14,(anonymous_0)
DA:3,14
DA:22,1
LF:2
LH:2
BRDA:8,0,0,14
BRDA:8,0,1,0
BRDA:13,1,0,14
BRDA:13,1,1,0
BRF:4
BRH:2
end_of_record
TN:
SF:src\dto\pays.dto.js
FN:2,(anonymous_0)
FNF:1
FNH:1
FNDA:12,(anonymous_0)
DA:3,12
DA:12,2
LF:2
LH:2
BRF:0
BRH:0
end_of_record
TN:
SF:src\middlewares\auth.middleware.js
FN:4,(anonymous_0)
FNF:1
FNH:1
FNDA:8,(anonymous_0)
DA:1,2
DA:2,2
DA:4,2
DA:5,8
DA:6,8
DA:8,8
DA:9,2
DA:12,6
DA:13,5
DA:15,4
DA:16,2
DA:19,2
DA:20,2
DA:22,2
DA:26,2
LF:15
LH:15
BRDA:8,0,0,2
BRDA:8,0,1,6
BRDA:15,1,0,2
BRDA:15,1,1,2
BRF:4
BRH:4
end_of_record
TN:
SF:src\middlewares\csrf.middleware.js
FNF:0
FNH:0
DA:2,0
DA:5,0
DA:13,0
LF:3
LH:0
BRF:0
BRH:0
end_of_record
TN:
SF:src\middlewares\error.handler.middleware.js
FN:5,(anonymous_0)
FN:13,(anonymous_1)
FNF:2
FNH:0
FNDA:0,(anonymous_0)
FNDA:0,(anonymous_1)
DA:1,0
DA:5,0
DA:6,0
DA:7,0
DA:9,0
DA:12,0
DA:13,0
DA:14,0
DA:18,0
DA:19,0
DA:20,0
DA:21,0
DA:25,0
DA:26,0
DA:27,0
DA:30,0
DA:35,0
LF:17
LH:0
BRDA:12,0,0,0
BRDA:12,0,1,0
BRDA:18,1,0,0
BRDA:18,1,1,0
BRDA:25,2,0,0
BRDA:25,2,1,0
BRDA:30,3,0,0
BRDA:30,3,1,0
BRDA:31,4,0,0
BRDA:31,4,1,0
BRF:10
BRH:0
end_of_record
TN:
SF:src\middlewares\storage.middleware.js
FN:6,(anonymous_0)
FN:17,(anonymous_1)
FN:28,(anonymous_2)
FNF:3
FNH:0
FNDA:0,(anonymous_0)
FNDA:0,(anonymous_1)
FNDA:0,(anonymous_2)
DA:1,0
DA:2,0
DA:5,0
DA:8,0
DA:11,0
DA:12,0
DA:15,0
DA:20,0
DA:21,0
DA:22,0
DA:23,0
DA:28,0
DA:30,0
DA:31,0
DA:32,0
DA:34,0
DA:35,0
DA:37,0
DA:42,0
DA:50,0
LF:20
LH:0
BRDA:11,0,0,0
BRDA:11,0,1,0
BRDA:34,1,0,0
BRDA:34,1,1,0
BRDA:34,2,0,0
BRDA:34,2,1,0
BRF:6
BRH:0
end_of_record
TN:
SF:src\middlewares\xss.protection.middleware.js
FN:4,(anonymous_0)
FN:18,sanitizeObject
FNF:2
FNH:0
FNDA:0,(anonymous_0)
FNDA:0,sanitizeObject
DA:1,0
DA:2,0
DA:4,0
DA:6,0
DA:7,0
DA:11,0
DA:12,0
DA:15,0
DA:19,0
DA:20,0
DA:21,0
DA:22,0
DA:23,0
DA:24,0
DA:26,0
DA:29,0
DA:32,0
LF:17
LH:0
BRDA:6,0,0,0
BRDA:6,0,1,0
BRDA:6,1,0,0
BRDA:6,1,1,0
BRDA:11,2,0,0
BRDA:11,2,1,0
BRDA:11,3,0,0
BRDA:11,3,1,0
BRDA:21,4,0,0
BRDA:21,4,1,0
BRDA:23,5,0,0
BRDA:23,5,1,0
BRDA:23,6,0,0
BRDA:23,6,1,0
BRF:14
BRH:0
end_of_record
TN:
SF:src\models\artiste.model.js
FNF:0
FNH:0
DA:1,3
DA:3,3
DA:34,3
DA:36,3
LF:4
LH:4
BRF:0
BRH:0
end_of_record
TN:
SF:src\models\film.model.js
FNF:0
FNH:0
DA:1,6
DA:3,6
DA:68,6
DA:69,6
DA:70,6
DA:72,6
LF:6
LH:6
BRF:0
BRH:0
end_of_record
TN:
SF:src\models\internaute.model.js
FN:38,(anonymous_0)
FN:51,(anonymous_1)
FN:56,(anonymous_2)
FNF:3
FNH:2
FNDA:59,(anonymous_0)
FNDA:4,(anonymous_1)
FNDA:0,(anonymous_2)
DA:1,5
DA:2,5
DA:4,5
DA:38,5
DA:39,59
DA:41,59
DA:42,59
DA:43,59
DA:44,59
DA:46,0
DA:51,5
DA:52,4
DA:56,5
DA:57,0
DA:58,0
DA:59,0
DA:62,5
LF:17
LH:13
BRDA:39,0,0,0
BRDA:39,0,1,59
BRF:2
BRH:1
end_of_record
TN:
SF:src\models\note.model.js
FNF:0
FNH:0
DA:2,2
DA:4,2
DA:30,2
DA:32,2
LF:4
LH:4
BRF:0
BRH:0
end_of_record
TN:
SF:src\models\pays.model.js
FNF:0
FNH:0
DA:2,7
DA:4,7
DA:27,7
LF:3
LH:3
BRF:0
BRH:0
end_of_record
TN:
SF:src\models\role.model.js
FNF:0
FNH:0
DA:1,1
DA:3,1
DA:21,1
DA:23,1
LF:4
LH:4
BRF:0
BRH:0
end_of_record
TN:
SF:src\routes\api.doc.routes.js
FN:9,(anonymous_0)
FNF:1
FNH:0
FNDA:0,(anonymous_0)
DA:1,0
DA:2,0
DA:3,0
DA:4,0
DA:6,0
DA:7,0
DA:9,0
DA:10,0
DA:13,0
LF:9
LH:0
BRF:0
BRH:0
end_of_record
TN:
SF:src\routes\artistes.routes.js
FNF:0
FNH:0
DA:2,0
DA:3,0
DA:5,0
DA:38,0
DA:58,0
DA:89,0
DA:124,0
DA:145,0
DA:147,0
LF:9
LH:0
BRF:0
BRH:0
end_of_record
TN:
SF:src\routes\auth.routes.js
FNF:0
FNH:0
DA:1,1
DA:2,1
DA:3,1
DA:4,1
DA:6,1
DA:8,1
DA:20,1
DA:62,1
DA:95,1
DA:113,1
DA:115,1
LF:11
LH:11
BRF:0
BRH:0
end_of_record
TN:
SF:src\routes\films.routes.js
FNF:0
FNH:0
DA:1,0
DA:2,0
DA:3,0
DA:5,0
DA:38,0
DA:58,0
DA:85,0
DA:116,0
DA:147,0
DA:167,0
DA:169,0
LF:11
LH:0
BRF:0
BRH:0
end_of_record
TN:
SF:src\routes\internautes.routes.js
FNF:0
FNH:0
DA:1,0
DA:2,0
DA:3,0
DA:5,0
DA:27,0
DA:47,0
DA:77,0
DA:98,0
DA:100,0
LF:9
LH:0
BRF:0
BRH:0
end_of_record
TN:
SF:src\routes\notes.routes.js
FNF:0
FNH:0
DA:2,0
DA:3,0
DA:4,0
DA:6,0
DA:31,0
DA:49,0
DA:67,0
DA:94,0
DA:123,0
DA:143,0
DA:145,0
LF:11
LH:0
BRF:0
BRH:0
end_of_record
TN:
SF:src\routes\pays.routes.js
FNF:0
FNH:0
DA:2,1
DA:3,1
DA:5,1
DA:17,1
DA:37,1
DA:62,1
DA:93,1
DA:113,1
DA:115,1
LF:9
LH:9
BRF:0
BRH:0
end_of_record
TN:
SF:src\services\artiste.service.js
FN:18,(anonymous_0)
FN:29,(anonymous_1)
FN:44,(anonymous_2)
FN:65,(anonymous_3)
FN:66,(anonymous_4)
FN:80,(anonymous_5)
FN:92,(anonymous_6)
FN:106,(anonymous_7)
FNF:8
FNH:8
FNDA:4,(anonymous_0)
FNDA:6,(anonymous_1)
FNDA:3,(anonymous_2)
FNDA:1,(anonymous_3)
FNDA:1,(anonymous_4)
FNDA:4,(anonymous_5)
FNDA:3,(anonymous_6)
FNDA:2,(anonymous_7)
DA:1,1
DA:2,1
DA:3,1
DA:4,1
DA:5,1
DA:19,4
DA:21,4
DA:26,4
DA:28,4
DA:29,6
DA:45,3
DA:46,3
DA:49,2
DA:53,2
DA:62,2
DA:65,1
DA:66,1
DA:81,4
DA:82,4
DA:83,1
DA:93,3
DA:98,2
DA:107,2
DA:111,1
LF:24
LH:24
BRDA:18,0,0,0
BRDA:18,1,0,0
BRDA:18,2,0,3
BRDA:46,3,0,1
BRDA:46,3,1,2
BRDA:98,4,0,1
BRDA:98,4,1,1
BRF:7
BRH:5
end_of_record
TN:
SF:src\services\auth.service.js
FN:17,(anonymous_0)
FN:40,(anonymous_1)
FN:60,(anonymous_2)
FN:69,(anonymous_3)
FNF:4
FNH:3
FNDA:6,(anonymous_0)
FNDA:6,(anonymous_1)
FNDA:6,(anonymous_2)
FNDA:0,(anonymous_3)
DA:1,2
DA:2,2
DA:3,2
DA:18,6
DA:20,6
DA:21,6
DA:22,2
DA:25,4
DA:26,4
DA:29,3
DA:30,3
DA:41,6
DA:42,6
DA:43,2
DA:46,4
DA:47,4
DA:48,2
DA:51,2
DA:52,2
DA:61,6
DA:70,0
DA:71,0
DA:75,2
LF:23
LH:21
BRDA:21,0,0,2
BRDA:21,0,1,4
BRDA:42,1,0,2
BRDA:42,1,1,4
BRDA:47,2,0,2
BRDA:47,2,1,2
BRDA:71,3,0,0
BRDA:71,3,1,0
BRF:8
BRH:6
end_of_record
TN:
SF:src\services\film.service.js
FN:15,(anonymous_0)
FN:28,(anonymous_1)
FN:43,(anonymous_2)
FN:58,(anonymous_3)
FN:74,(anonymous_4)
FN:91,(anonymous_5)
FNF:6
FNH:6
FNDA:3,(anonymous_0)
FNDA:6,(anonymous_1)
FNDA:2,(anonymous_2)
FNDA:4,(anonymous_3)
FNDA:3,(anonymous_4)
FNDA:2,(anonymous_5)
DA:1,1
DA:2,1
DA:16,3
DA:18,3
DA:25,3
DA:27,3
DA:28,6
DA:44,2
DA:48,2
DA:50,1
DA:59,4
DA:60,4
DA:61,1
DA:65,1
DA:75,3
DA:83,2
DA:92,2
DA:96,1
LF:18
LH:18
BRDA:15,0,0,0
BRDA:15,1,0,0
BRDA:15,2,0,2
BRDA:48,3,0,1
BRDA:48,3,1,1
BRDA:83,4,0,1
BRDA:83,4,1,1
BRF:7
BRH:5
end_of_record
TN:
SF:src\services\internaute.service.js
FN:14,(anonymous_0)
FN:25,(anonymous_1)
FN:40,(anonymous_2)
FN:51,(anonymous_3)
FN:65,(anonymous_4)
FNF:5
FNH:0
FNDA:0,(anonymous_0)
FNDA:0,(anonymous_1)
FNDA:0,(anonymous_2)
FNDA:0,(anonymous_3)
FNDA:0,(anonymous_4)
DA:1,0
DA:2,0
DA:15,0
DA:17,0
DA:22,0
DA:24,0
DA:25,0
DA:41,0
DA:42,0
DA:52,0
DA:57,0
DA:66,0
DA:67,0
DA:71,0
LF:14
LH:0
BRDA:14,0,0,0
BRDA:14,1,0,0
BRDA:42,2,0,0
BRDA:42,2,1,0
BRDA:57,3,0,0
BRDA:57,3,1,0
BRDA:67,4,0,0
BRDA:67,4,1,0
BRF:8
BRH:0
end_of_record
TN:
SF:src\services\note.service.js
FN:15,(anonymous_0)
FN:28,(anonymous_1)
FN:43,(anonymous_2)
FN:47,(anonymous_3)
FN:50,(anonymous_4)
FN:58,(anonymous_5)
FN:64,(anonymous_6)
FN:76,(anonymous_7)
FN:107,(anonymous_8)
FN:135,(anonymous_9)
FNF:10
FNH:10
FNDA:3,(anonymous_0)
FNDA:6,(anonymous_1)
FNDA:2,(anonymous_2)
FNDA:2,(anonymous_3)
FNDA:2,(anonymous_4)
FNDA:2,(anonymous_5)
FNDA:2,(anonymous_6)
FNDA:4,(anonymous_7)
FNDA:3,(anonymous_8)
FNDA:3,(anonymous_9)
DA:1,1
DA:2,1
DA:16,3
DA:18,3
DA:25,3
DA:27,3
DA:28,6
DA:44,2
DA:47,2
DA:51,2
DA:56,2
DA:58,2
DA:63,2
DA:64,2
DA:77,4
DA:82,4
DA:83,1
DA:86,3
DA:91,3
DA:92,3
DA:96,3
DA:108,3
DA:110,3
DA:111,1
DA:114,2
DA:115,1
DA:118,1
DA:125,1
DA:136,3
DA:138,3
DA:139,1
DA:142,2
DA:143,1
DA:146,1
DA:150,1
LF:35
LH:35
BRDA:15,0,0,0
BRDA:15,1,0,0
BRDA:15,2,0,2
BRDA:56,3,0,1
BRDA:56,3,1,1
BRDA:82,4,0,1
BRDA:82,4,1,3
BRDA:110,5,0,1
BRDA:110,5,1,2
BRDA:114,6,0,1
BRDA:114,6,1,1
BRDA:138,7,0,1
BRDA:138,7,1,2
BRDA:142,8,0,1
BRDA:142,8,1,1
BRF:15
BRH:13
end_of_record
TN:
SF:src\services\pays.service.js
FN:14,(anonymous_0)
FN:16,(anonymous_1)
FN:24,(anonymous_2)
FN:35,(anonymous_3)
FN:44,(anonymous_4)
FN:56,(anonymous_5)
FN:70,(anonymous_6)
FNF:7
FNH:6
FNDA:4,(anonymous_0)
FNDA:5,(anonymous_1)
FNDA:4,(anonymous_2)
FNDA:0,(anonymous_3)
FNDA:5,(anonymous_4)
FNDA:5,(anonymous_5)
FNDA:2,(anonymous_6)
DA:1,2
DA:2,2
DA:3,2
DA:4,2
DA:15,4
DA:16,5
DA:25,4
DA:26,4
DA:28,2
DA:33,2
DA:35,0
DA:45,5
DA:46,5
DA:47,2
DA:57,5
DA:62,5
DA:71,2
DA:75,2
LF:18
LH:17
BRDA:26,0,0,2
BRDA:26,0,1,2
BRDA:62,1,0,3
BRDA:62,1,1,2
BRF:4
BRH:4
end_of_record
